0,2.3054800033569336
1,2.329059362411499
2,2.3380990028381348
3,2.2849369049072266
4,2.2759475708007812
5,2.2708194255828857
6,2.318932056427002
7,2.3604743480682373
8,2.286626100540161
9,2.219541549682617
10,2.2370338439941406
11,2.286970853805542
12,2.3119449615478516
13,2.3009533882141113
14,2.2395925521850586
15,2.2390360832214355
16,2.2994236946105957
17,2.2514572143554688
18,2.342647075653076
19,2.4759938716888428
20,2.310763359069824
21,2.2766644954681396
22,2.173426628112793
23,2.307349443435669
24,2.2809059619903564
25,2.3629679679870605
26,2.2129647731781006
27,2.268756151199341
28,2.2938523292541504
29,2.1952404975891113
30,2.3273885250091553
31,2.2312839031219482
32,2.2413477897644043
33,2.2608485221862793
34,2.122968912124634
35,2.1600282192230225
36,2.180035352706909
37,2.2477924823760986
38,2.2789576053619385
39,2.1696693897247314
40,2.197345018386841
41,2.1236791610717773
42,2.34808611869812
43,2.2347476482391357
44,2.3103339672088623
45,2.302375555038452
46,2.1465370655059814
47,2.3004112243652344
48,2.1001408100128174
49,2.092883586883545
50,2.080207586288452
51,2.3503966331481934
52,2.127344846725464
53,2.1242165565490723
54,2.1463348865509033
55,2.0702412128448486
56,2.017346143722534
57,2.1447441577911377
58,1.9951664209365845
59,2.090909242630005
60,2.0240485668182373
61,2.106541395187378
62,1.9921283721923828
63,1.8945505619049072
64,1.9425400495529175
65,1.9918088912963867
66,2.081155776977539
67,2.1154937744140625
68,2.04168438911438
69,1.9689326286315918
70,2.1402626037597656
71,1.955440878868103
72,2.03739070892334
73,1.9362741708755493
74,2.0120198726654053
75,1.9506644010543823
76,1.822943925857544
77,2.0012404918670654
78,1.9798568487167358
79,1.9012950658798218
80,1.9319655895233154
81,1.907679557800293
82,1.876158356666565
83,1.9301260709762573
84,1.8994519710540771
85,2.007004737854004
86,1.9787399768829346
87,1.9137357473373413
88,1.8669209480285645
89,2.0228261947631836
90,1.861640214920044
91,2.04777455329895
92,1.9269064664840698
93,1.8571528196334839
94,1.9322075843811035
95,1.9112353324890137
96,1.9102102518081665
97,1.8897409439086914
98,1.8839013576507568
99,1.8520382642745972
100,1.9627189636230469
101,1.789350986480713
102,1.7806600332260132
103,1.8455880880355835
104,2.037355899810791
105,1.8844603300094604
106,1.8265049457550049
107,1.8195359706878662
108,1.873146414756775
109,1.8912615776062012
110,1.8910149335861206
111,1.9569838047027588
112,2.0167276859283447
113,1.9376299381256104
114,1.8568212985992432
115,1.90704345703125
116,1.9860732555389404
117,1.9292868375778198
118,1.8407485485076904
119,1.7094675302505493
120,1.7462892532348633
121,1.8023946285247803
122,1.7994099855422974
123,1.8705636262893677
124,1.9680867195129395
125,1.8897061347961426
126,1.816799283027649
127,1.750514268875122
128,1.7541645765304565
129,1.907906413078308
130,1.753775715827942
131,1.7707433700561523
132,1.8321094512939453
133,1.8488494157791138
134,1.8381707668304443
135,1.8607673645019531
136,1.781397819519043
137,1.8442872762680054
138,1.7792634963989258
139,1.6974514722824097
140,1.8208003044128418
141,1.7922706604003906
142,1.8400161266326904
143,1.742997646331787
144,1.7380030155181885
145,1.7930713891983032
146,1.7146995067596436
147,1.7763758897781372
148,1.8318606615066528
149,1.8071869611740112
150,1.860865831375122
151,1.8093125820159912
152,1.8513867855072021
153,1.8660426139831543
154,1.826090693473816
155,1.687002420425415
156,1.7014166116714478
157,1.8761780261993408
158,1.7862716913223267
159,1.9804835319519043
160,1.7283681631088257
161,1.7806202173233032
162,1.7898880243301392
163,1.7050930261611938
164,2.0306222438812256
165,1.8259650468826294
166,1.707598090171814
167,1.8510679006576538
168,1.7970796823501587
169,1.8253735303878784
170,1.7545267343521118
171,1.9687693119049072
172,1.7647322416305542
173,1.6917804479599
174,1.8043067455291748
175,1.8033032417297363
176,1.8407220840454102
177,1.8664069175720215
178,1.7215487957000732
179,1.7053248882293701
180,1.7410597801208496
181,1.86503267288208
182,1.8049689531326294
183,1.792705774307251
184,1.7554994821548462
185,1.8312588930130005
186,1.9159326553344727
187,1.8414207696914673
188,1.8916183710098267
189,1.7670371532440186
190,1.7906221151351929
191,1.742984652519226
192,1.8868839740753174
193,1.7581044435501099
194,1.7712260484695435
195,1.759763479232788
196,1.7957698106765747
197,1.7707868814468384
198,1.7977575063705444
199,1.6688693761825562
200,1.7625784873962402
201,1.6717052459716797
202,1.8619998693466187
203,1.6454076766967773
204,1.838862419128418
205,1.693662166595459
206,1.6782301664352417
207,1.7592294216156006
208,1.914241075515747
209,1.930210828781128
210,2.0586435794830322
211,1.6664342880249023
212,1.8025240898132324
213,1.7104954719543457
214,1.7171621322631836
215,1.8253355026245117
216,1.7924485206604004
217,1.8600032329559326
218,1.838681936264038
219,1.9563758373260498
220,1.858244776725769
221,1.733662486076355
222,1.7757071256637573
223,1.791127324104309
224,1.777640461921692
225,1.7758405208587646
226,1.846618890762329
227,1.7066763639450073
228,1.8107141256332397
229,1.784420132637024
230,1.7056902647018433
231,1.7582688331604004
232,1.8474212884902954
233,1.6838374137878418
234,1.6468859910964966
235,1.7288237810134888
236,1.7226861715316772
237,1.63755464553833
238,1.6653996706008911
239,1.7880268096923828
240,1.682399034500122
241,1.7315796613693237
242,1.6072800159454346
243,1.699493408203125
244,1.6667513847351074
245,1.821226716041565
246,1.7124801874160767
247,1.8782217502593994
248,1.636866807937622
249,1.8049283027648926
250,1.8858859539031982
251,1.7866482734680176
252,1.8660627603530884
253,1.734065294265747
254,1.8509149551391602
255,1.8940255641937256
256,1.7165027856826782
257,1.6081211566925049
258,1.621694564819336
259,1.7694408893585205
260,1.702944278717041
261,1.6904555559158325
262,1.7036983966827393
263,1.7152899503707886
264,1.735826015472412
265,1.6688789129257202
266,1.8212809562683105
267,1.7445734739303589
268,1.644697666168213
269,1.8987176418304443
270,1.6951112747192383
271,1.7187163829803467
272,1.727002739906311
273,1.6426812410354614
274,1.6648706197738647
275,1.6311243772506714
276,1.6585553884506226
277,1.8268617391586304
278,1.617005467414856
279,1.5924913883209229
280,1.6383233070373535
281,1.7324353456497192
282,1.7473976612091064
283,1.8054008483886719
284,1.7066468000411987
285,1.5910792350769043
286,1.6187071800231934
287,1.6602319478988647
288,1.5667533874511719
289,1.6598494052886963
290,1.71525239944458
291,1.6275544166564941
292,1.6290640830993652
293,1.7742303609848022
294,1.6931488513946533
295,1.7780852317810059
296,1.6075589656829834
297,1.6841694116592407
298,1.7341294288635254
299,1.570955514907837
300,1.5667359828948975
301,1.5727852582931519
302,1.778226613998413
303,1.5885910987854004
304,1.555422306060791
305,1.7355732917785645
306,1.7097622156143188
307,1.6538763046264648
308,1.703094720840454
309,1.6857860088348389
310,1.6147966384887695
311,1.6607381105422974
312,1.6878806352615356
313,1.6547729969024658
314,1.755593180656433
315,1.5759183168411255
316,1.720813512802124
317,1.710415244102478
318,1.6221892833709717
319,1.616763949394226
320,1.7007406949996948
321,1.650928020477295
322,1.8149718046188354
323,1.6267757415771484
324,1.6686418056488037
325,1.5477235317230225
326,1.699764370918274
327,1.6392173767089844
328,1.6140958070755005
329,1.6554279327392578
330,1.6514049768447876
331,1.7547743320465088
332,1.7004022598266602
333,1.657999873161316
334,1.600003719329834
335,1.551937460899353
336,1.6348971128463745
337,1.750095009803772
338,1.6478683948516846
339,1.6037846803665161
340,1.7158044576644897
341,1.6411200761795044
342,1.65828275680542
343,1.6510565280914307
344,1.7092301845550537
345,1.6319494247436523
346,1.740560531616211
347,1.7100749015808105
348,1.5757137537002563
349,1.6931254863739014
350,1.6529706716537476
351,1.7867072820663452
352,1.6336779594421387
353,1.6041780710220337
354,1.6829707622528076
355,1.6320173740386963
356,1.609545111656189
357,1.613206148147583
358,1.6002891063690186
359,1.643237829208374
360,1.6429436206817627
361,1.6050629615783691
362,1.6443538665771484
363,1.6071003675460815
364,1.650154709815979
365,1.5514241456985474
366,1.5176570415496826
367,1.6449183225631714
368,1.7888991832733154
369,1.6170707941055298
370,1.7359455823898315
371,1.6518363952636719
372,1.586477279663086
373,1.590902328491211
374,1.5488910675048828
375,1.7539899349212646
376,1.5742262601852417
377,1.6344062089920044
378,1.6703606843948364
379,1.6852060556411743
380,1.6600912809371948
381,1.6693195104599
382,1.6743721961975098
383,1.74587881565094
384,1.6530300378799438
385,1.6747426986694336
386,1.5253223180770874
387,1.5830599069595337
388,1.6000338792800903
389,1.51068115234375
390,1.6457188129425049
391,1.5630669593811035
392,1.7833147048950195
393,1.6478980779647827
394,1.6247973442077637
395,1.6406786441802979
396,1.6681554317474365
397,1.5920493602752686
398,1.6177592277526855
399,1.586558222770691
400,1.5839972496032715
401,1.5659435987472534
402,1.6621978282928467
403,1.6112561225891113
404,1.7189934253692627
405,1.541739821434021
406,1.723120927810669
407,1.7700815200805664
408,1.60627281665802
409,1.643690824508667
410,1.7939201593399048
411,1.4878944158554077
412,1.6694687604904175
413,1.5677884817123413
414,1.6009280681610107
415,1.691032886505127
416,1.601487159729004
417,1.6707923412322998
418,1.692404866218567
419,1.7445639371871948
420,1.5155761241912842
421,1.547253966331482
422,1.5874546766281128
423,1.58141028881073
424,1.7891258001327515
425,1.717832326889038
426,1.519891381263733
427,1.6638597249984741
428,1.6072137355804443
429,1.5829178094863892
430,1.623741865158081
431,1.5783963203430176
432,1.5949231386184692
433,1.5918859243392944
434,1.683878779411316
435,1.6963677406311035
436,1.5544230937957764
437,1.61302649974823
438,1.548844575881958
439,1.5873017311096191
440,1.552545189857483
441,1.5627057552337646
442,1.7423713207244873
443,1.6852798461914062
444,1.605798602104187
445,1.6143951416015625
446,1.5620607137680054
447,1.6829948425292969
448,1.7112891674041748
449,1.63355553150177
450,1.6106986999511719
451,1.668613314628601
452,1.6488606929779053
453,1.5422532558441162
454,1.5573185682296753
455,1.5618690252304077
456,1.569055438041687
457,1.640408992767334
458,1.6081970930099487
459,1.7130695581436157
460,1.5533902645111084
461,1.707451343536377
462,1.6727455854415894
463,1.6071372032165527
464,1.6085288524627686
465,1.6793090105056763
466,1.5716267824172974
467,1.5963102579116821
468,1.7217882871627808
469,1.6184476613998413
470,1.615822672843933
471,1.6284618377685547
472,1.700135588645935
473,1.5218244791030884
474,1.7045642137527466
475,1.5838507413864136
476,1.533010721206665
477,1.6876200437545776
478,1.588207483291626
479,1.7116822004318237
480,1.5575207471847534
481,1.552431344985962
482,1.7410284280776978
483,1.5079233646392822
484,1.6009292602539062
485,1.7351462841033936
486,1.598188042640686
487,1.5916411876678467
488,1.5677597522735596
489,1.5918078422546387
490,1.621688723564148
491,1.8334519863128662
492,1.6484225988388062
493,1.5638049840927124
494,1.6111620664596558
495,1.7256450653076172
496,1.645533561706543
497,1.6517953872680664
498,1.568414568901062
499,1.6069533824920654
500,1.6671544313430786
501,1.617020606994629
502,1.6201146841049194
503,1.6876375675201416
504,1.5945030450820923
505,1.6005678176879883
506,1.661141276359558
507,1.6948789358139038
508,1.5098923444747925
509,1.6445581912994385
510,1.6013187170028687
511,1.5914230346679688
512,1.6385389566421509
513,1.6952595710754395
514,1.5427693128585815
515,1.6429996490478516
516,1.6401336193084717
517,1.5491125583648682
518,1.6260454654693604
519,1.572622537612915
520,1.5259369611740112
521,1.5595937967300415
522,1.619065284729004
523,1.6271047592163086
524,1.5787872076034546
525,1.5683640241622925
526,1.6348553895950317
527,1.5364489555358887
528,1.600882887840271
529,1.5650999546051025
530,1.561970591545105
531,1.5798743963241577
532,1.664588212966919
533,1.7897006273269653
534,1.5895798206329346
535,1.513431191444397
536,1.555006980895996
537,1.5890699625015259
538,1.667870283126831
539,1.693006992340088
540,1.5719753503799438
541,1.5278569459915161
542,1.6031743288040161
543,1.5100476741790771
544,1.511183261871338
545,1.5413566827774048
546,1.5766600370407104
547,1.5444650650024414
548,1.538241982460022
549,1.598145604133606
550,1.5418436527252197
551,1.5988825559616089
552,1.4866948127746582
553,1.6449048519134521
554,1.599355936050415
555,1.6944115161895752
556,1.6812629699707031
557,1.628179669380188
558,1.5112367868423462
559,1.6539325714111328
560,1.5789425373077393
561,1.6096211671829224
562,1.5848612785339355
563,1.5706230401992798
564,1.5667386054992676
565,1.4987568855285645
566,1.5430903434753418
567,1.5366666316986084
568,1.5358537435531616
569,1.5248316526412964
570,1.5491790771484375
571,1.6916570663452148
572,1.4603192806243896
573,1.6036338806152344
574,1.6021859645843506
575,1.584479570388794
576,1.7228522300720215
577,1.5714001655578613
578,1.5824068784713745
579,1.5698362588882446
580,1.5642181634902954
581,1.6101243495941162
582,1.6318424940109253
583,1.5115152597427368
584,1.6307764053344727
585,1.5527653694152832
586,1.5505083799362183
587,1.590650200843811
588,1.5032001733779907
589,1.6060729026794434
590,1.5956817865371704
591,1.5189018249511719
592,1.639514684677124
593,1.561034917831421
594,1.554892659187317
595,1.5147162675857544
596,1.524898648262024
597,1.516554594039917
598,1.7713696956634521
599,1.548482060432434
600,1.6148761510849
601,1.49912691116333
602,1.62105131149292
603,1.6721839904785156
604,1.6237268447875977
605,1.6720521450042725
606,1.5257644653320312
607,1.7039389610290527
608,1.6014468669891357
609,1.5474920272827148
610,1.5815668106079102
611,1.4798914194107056
612,1.5821871757507324
613,1.6361966133117676
614,1.5687311887741089
615,1.5181043148040771
616,1.6511690616607666
617,1.5833393335342407
618,1.6694947481155396
619,1.5676521062850952
620,1.6207839250564575
621,1.5137126445770264
622,1.589113712310791
623,1.5453240871429443
624,1.5818092823028564
625,1.6147716045379639
626,1.5733745098114014
627,1.5250476598739624
628,1.6794735193252563
629,1.552344560623169
630,1.5667145252227783
631,1.5114256143569946
632,1.471808671951294
633,1.5847594738006592
634,1.554502248764038
635,1.6708263158798218
636,1.486075520515442
637,1.5715947151184082
638,1.6021931171417236
639,1.4954088926315308
640,1.5888522863388062
641,1.5605835914611816
642,1.661896824836731
643,1.5554205179214478
644,1.61885404586792
645,1.6720424890518188
646,1.4854559898376465
647,1.47712242603302
648,1.5727355480194092
649,1.5080022811889648
650,1.5677664279937744
651,1.4799046516418457
652,1.6645724773406982
653,1.6728355884552002
654,1.5526703596115112
655,1.610550045967102
656,1.5590593814849854
657,1.621368169784546
658,1.5325968265533447
659,1.511700987815857
660,1.568552017211914
661,1.4892399311065674
662,1.5229897499084473
663,1.5687586069107056
664,1.6070259809494019
665,1.5419201850891113
666,1.6535283327102661
667,1.6264865398406982
668,1.497847557067871
669,1.6293479204177856
670,1.5840903520584106
671,1.5857261419296265
672,1.667314887046814
673,1.579921007156372
674,1.5153331756591797
675,1.5375659465789795
676,1.5915474891662598
677,1.6139744520187378
678,1.5119099617004395
679,1.7304152250289917
680,1.60236656665802
681,1.6218997240066528
682,1.5272561311721802
683,1.5393166542053223
684,1.5637485980987549
685,1.5582404136657715
686,1.5349853038787842
687,1.564792513847351
688,1.6558845043182373
689,1.5767987966537476
690,1.5457048416137695
691,1.49018394947052
692,1.515251874923706
693,1.5839735269546509
694,1.5780363082885742
695,1.5685843229293823
696,1.6306873559951782
697,1.4892170429229736
698,1.7244679927825928
699,1.6128721237182617
700,1.5947281122207642
701,1.5922149419784546
702,1.474371314048767
703,1.6077370643615723
704,1.4894732236862183
705,1.5765849351882935
706,1.474318504333496
707,1.5458475351333618
708,1.652058720588684
709,1.542460560798645
710,1.5432542562484741
711,1.5239677429199219
712,1.5385897159576416
713,1.6405984163284302
714,1.4925537109375
715,1.57490873336792
716,1.4970650672912598
717,1.537312626838684
718,1.5375161170959473
719,1.6163365840911865
720,1.5137795209884644
721,1.4702941179275513
722,1.6871005296707153
723,1.482501745223999
724,1.5650924444198608
725,1.6181929111480713
726,1.575321912765503
727,1.6068228483200073
728,1.5715081691741943
729,1.5538865327835083
730,1.6090736389160156
731,1.615914225578308
732,1.673734188079834
733,1.5190045833587646
734,1.631487488746643
735,1.7020620107650757
736,1.6776478290557861
737,1.5186845064163208
738,1.5585139989852905
739,1.4707517623901367
740,1.5703779458999634
741,1.6805304288864136
742,1.5817835330963135
743,1.6173046827316284
744,1.4980844259262085
745,1.639482855796814
746,1.5425177812576294
747,1.5707223415374756
748,1.4875802993774414
749,1.6137243509292603
750,1.6687285900115967
751,1.6341207027435303
752,1.487192153930664
753,1.5882720947265625
754,1.6057642698287964
755,1.506009578704834
756,1.5831317901611328
757,1.505434274673462
758,1.672442078590393
759,1.59280526638031
760,1.5748918056488037
761,1.5061324834823608
762,1.577893853187561
763,1.6511998176574707
764,1.5320321321487427
765,1.4719406366348267
766,1.5297307968139648
767,1.5032761096954346
768,1.651515245437622
769,1.6140878200531006
770,1.5483239889144897
771,1.5525856018066406
772,1.513347864151001
773,1.5915718078613281
774,1.5468424558639526
775,1.4836628437042236
776,1.5605658292770386
777,1.5390868186950684
778,1.554495930671692
779,1.6551762819290161
780,1.53987717628479
781,1.5184504985809326
782,1.6191269159317017
783,1.4702696800231934
784,1.6307367086410522
785,1.5092304944992065
786,1.6007816791534424
787,1.5214869976043701
788,1.626581072807312
789,1.6089437007904053
790,1.5476131439208984
791,1.5145338773727417
792,1.5421937704086304
793,1.505715250968933
794,1.4952623844146729
795,1.5113279819488525
796,1.609182357788086
797,1.5074281692504883
798,1.5352139472961426
799,1.589674472808838
800,1.5262197256088257
801,1.7764283418655396
802,1.5916427373886108
803,1.5560908317565918
804,1.6369099617004395
805,1.5631513595581055
806,1.5053566694259644
807,1.5806573629379272
808,1.6357173919677734
809,1.614998459815979
810,1.5359264612197876
811,1.5852711200714111
812,1.5745290517807007
813,1.4833729267120361
814,1.491439700126648
815,1.5493022203445435
816,1.5134572982788086
817,1.5832327604293823
818,1.568218469619751
819,1.6129305362701416
820,1.5825403928756714
821,1.5110349655151367
822,1.554052710533142
823,1.557640552520752
824,1.6091673374176025
825,1.5124270915985107
826,1.5592014789581299
827,1.5865004062652588
828,1.5051758289337158
829,1.5235841274261475
830,1.501781702041626
831,1.5716447830200195
832,1.4784762859344482
833,1.5627455711364746
834,1.4878361225128174
835,1.6498035192489624
836,1.5329195261001587
837,1.6809910535812378
838,1.5329904556274414
839,1.5021880865097046
840,1.5183844566345215
841,1.5684186220169067
842,1.6178944110870361
843,1.5085903406143188
844,1.5295318365097046
845,1.6314496994018555
846,1.5806199312210083
847,1.5182528495788574
848,1.5927157402038574
849,1.55608069896698
850,1.5442577600479126
851,1.5150110721588135
852,1.5236802101135254
853,1.5243719816207886
854,1.6554358005523682
855,1.5683495998382568
856,1.6173100471496582
857,1.4744417667388916
858,1.4893437623977661
859,1.5709190368652344
860,1.5502954721450806
861,1.5135633945465088
862,1.6280542612075806
863,1.6293641328811646
864,1.5510165691375732
865,1.478100061416626
866,1.600899338722229
867,1.515791416168213
868,1.4954360723495483
869,1.4880878925323486
870,1.719456672668457
871,1.5392718315124512
872,1.5775259733200073
873,1.5176948308944702
874,1.5049970149993896
875,1.5997390747070312
876,1.5854276418685913
877,1.6871471405029297
878,1.5170120000839233
879,1.5518970489501953
880,1.4919688701629639
881,1.5270740985870361
882,1.4789538383483887
883,1.5474939346313477
884,1.5813634395599365
885,1.541305661201477
886,1.573222279548645
887,1.5292763710021973
888,1.5041401386260986
889,1.479167103767395
890,1.493830919265747
891,1.487593173980713
892,1.4879860877990723
893,1.56279718875885
894,1.518898367881775
895,1.5356380939483643
896,1.5703091621398926
897,1.5062477588653564
898,1.557503342628479
899,1.5395113229751587
900,1.5875028371810913
901,1.5821661949157715
902,1.5339049100875854
903,1.6182681322097778
904,1.6187816858291626
905,1.5030728578567505
906,1.5993608236312866
907,1.50717294216156
908,1.5890270471572876
909,1.5778841972351074
910,1.5308781862258911
911,1.491398811340332
912,1.5484517812728882
913,1.6237508058547974
914,1.6179258823394775
915,1.5387011766433716
916,1.6231764554977417
917,1.4765186309814453
918,1.5134578943252563
919,1.5830106735229492
920,1.5542973279953003
921,1.6083258390426636
922,1.6019887924194336
923,1.6366568803787231
924,1.6357592344284058
925,1.5435633659362793
926,1.5104507207870483
927,1.5691149234771729
928,1.5192546844482422
929,1.4631763696670532
930,1.5363541841506958
931,1.4941233396530151
932,1.558150291442871
933,1.6239018440246582
934,1.5167416334152222
935,1.599722146987915
936,1.5660111904144287
937,1.5181264877319336
938,1.562411904335022
939,1.4966048002243042
940,1.5154937505722046
941,1.5081347227096558
942,1.4985041618347168
943,1.4447194337844849
944,1.6499698162078857
945,1.4728893041610718
946,1.5029670000076294
947,1.536232352256775
948,1.5414397716522217
949,1.6319835186004639
950,1.5261625051498413
951,1.5372501611709595
952,1.543388843536377
953,1.6320858001708984
954,1.6311817169189453
955,1.6215869188308716
956,1.61562180519104
957,1.5812593698501587
958,1.5538209676742554
959,1.4524726867675781
960,1.6022146940231323
961,1.4893558025360107
962,1.5317586660385132
963,1.6286163330078125
964,1.6123476028442383
965,1.6074742078781128
966,1.5188071727752686
967,1.608662486076355
968,1.5190534591674805
969,1.5138057470321655
970,1.5806212425231934
971,1.532578468322754
972,1.5162688493728638
973,1.6503156423568726
974,1.5910964012145996
975,1.5965430736541748
976,1.571936011314392
977,1.5706268548965454
978,1.4679590463638306
979,1.4865410327911377
980,1.5183449983596802
981,1.5783509016036987
982,1.5337252616882324
983,1.478101134300232
984,1.591864824295044
985,1.483493685722351
986,1.5321770906448364
987,1.5887558460235596
988,1.530624270439148
989,1.65901780128479
990,1.6522823572158813
991,1.5437413454055786
992,1.5157816410064697
993,1.453508734703064
994,1.5782866477966309
995,1.517497181892395
996,1.5821353197097778
997,1.5773074626922607
998,1.5834405422210693
999,1.7195497751235962
1000,1.6196472644805908
1001,1.5379582643508911
1002,1.6052660942077637
1003,1.5757004022598267
1004,1.5245928764343262
1005,1.542588710784912
1006,1.6663082838058472
1007,1.5420664548873901
1008,1.6235846281051636
1009,1.6620687246322632
1010,1.540392279624939
1011,1.583322525024414
1012,1.6588099002838135
1013,1.5291805267333984
1014,1.4957154989242554
1015,1.4682350158691406
1016,1.662155270576477
1017,1.5709882974624634
1018,1.6644489765167236
1019,1.4863404035568237
1020,1.573167324066162
1021,1.4827684164047241
1022,1.6437397003173828
1023,1.500104546546936
1024,1.5091552734375
1025,1.5386536121368408
1026,1.5358365774154663
1027,1.4960685968399048
1028,1.4927195310592651
1029,1.5726805925369263
1030,1.4464781284332275
1031,1.593367576599121
1032,1.5050956010818481
1033,1.5259575843811035
1034,1.615942358970642
1035,1.5167385339736938
1036,1.4995355606079102
1037,1.5370334386825562
1038,1.4742445945739746
1039,1.5669273138046265
1040,1.5207710266113281
1041,1.5015634298324585
1042,1.533381700515747
1043,1.4682847261428833
1044,1.4531691074371338
1045,1.4845482110977173
1046,1.4537835121154785
1047,1.4663143157958984
1048,1.5032485723495483
1049,1.5497404336929321
1050,1.5715922117233276
1051,1.5179649591445923
1052,1.507892370223999
1053,1.477676272392273
1054,1.5884534120559692
1055,1.5440949201583862
1056,1.4698944091796875
1057,1.5601292848587036
1058,1.5295149087905884
1059,1.5808181762695312
1060,1.5862606763839722
1061,1.4858005046844482
1062,1.4747494459152222
1063,1.507601261138916
1064,1.4695245027542114
1065,1.6932586431503296
1066,1.4739606380462646
1067,1.5814579725265503
1068,1.5811210870742798
1069,1.5749882459640503
1070,1.5055890083312988
1071,1.4941469430923462
1072,1.539060354232788
1073,1.6071113348007202
1074,1.5112296342849731
1075,1.5023393630981445
1076,1.5393280982971191
1077,1.5279465913772583
1078,1.4932029247283936
1079,1.5136314630508423
1080,1.532733678817749
1081,1.613075613975525
1082,1.504950761795044
1083,1.5604499578475952
1084,1.4962702989578247
1085,1.4479724168777466
1086,1.6010210514068604
1087,1.4682568311691284
1088,1.4888596534729004
1089,1.471757411956787
1090,1.488509178161621
1091,1.582331657409668
1092,1.5315746068954468
1093,1.5121827125549316
1094,1.5714695453643799
1095,1.474208950996399
1096,1.5711331367492676
1097,1.4868965148925781
1098,1.5450141429901123
1099,1.5859228372573853
1100,1.5722904205322266
1101,1.6004236936569214
1102,1.5489287376403809
1103,1.6315321922302246
1104,1.5716181993484497
1105,1.589065432548523
1106,1.6328496932983398
1107,1.4774583578109741
1108,1.5019421577453613
1109,1.5345429182052612
1110,1.503632664680481
1111,1.5676765441894531
1112,1.5210449695587158
1113,1.4531735181808472
1114,1.470218300819397
1115,1.5458431243896484
1116,1.465097188949585
1117,1.6391565799713135
1118,1.490114450454712
1119,1.4867582321166992
1120,1.4877777099609375
1121,1.5078314542770386
1122,1.5022547245025635
1123,1.519858956336975
1124,1.5934431552886963
1125,1.6411794424057007
1126,1.5275089740753174
1127,1.6073386669158936
1128,1.501234531402588
1129,1.6053279638290405
1130,1.5021642446517944
1131,1.5627254247665405
1132,1.497571349143982
1133,1.5260344743728638
1134,1.5907580852508545
1135,1.5629521608352661
1136,1.5201687812805176
1137,1.6505573987960815
1138,1.5889872312545776
1139,1.539953351020813
1140,1.5252208709716797
1141,1.4998905658721924
1142,1.5219134092330933
1143,1.518557071685791
1144,1.5256177186965942
1145,1.4805539846420288
1146,1.5506196022033691
1147,1.5458310842514038
1148,1.547376036643982
1149,1.5361912250518799
1150,1.5588836669921875
1151,1.485495686531067
1152,1.5932066440582275
1153,1.5322386026382446
1154,1.4996013641357422
1155,1.5267575979232788
1156,1.5177175998687744
1157,1.6623246669769287
1158,1.4752005338668823
1159,1.5171799659729004
1160,1.5508122444152832
1161,1.5442769527435303
1162,1.541015386581421
1163,1.5755544900894165
1164,1.5508248805999756
1165,1.4920426607131958
1166,1.5992002487182617
1167,1.539501667022705
1168,1.5331342220306396
1169,1.6387460231781006
1170,1.4986802339553833
1171,1.5179774761199951
1172,1.6175156831741333
1173,1.5005497932434082
1174,1.611360788345337
1175,1.5793986320495605
1176,1.4985408782958984
1177,1.558146595954895
1178,1.4688599109649658
1179,1.5259461402893066
1180,1.5296566486358643
1181,1.4864987134933472
1182,1.5045021772384644
1183,1.5323066711425781
1184,1.465549111366272
1185,1.4726923704147339
1186,1.4678678512573242
1187,1.4743677377700806
1188,1.5759905576705933
1189,1.5256621837615967
1190,1.4745736122131348
1191,1.5939921140670776
1192,1.6121882200241089
1193,1.5417016744613647
1194,1.5374531745910645
1195,1.5127921104431152
1196,1.498713493347168
1197,1.4651803970336914
1198,1.5042780637741089
1199,1.502369999885559
1200,1.492200255393982
1201,1.4556504487991333
1202,1.4905650615692139
1203,1.495361089706421
1204,1.5635066032409668
1205,1.463338851928711
1206,1.5311286449432373
1207,1.4866522550582886
1208,1.477447748184204
1209,1.4989537000656128
1210,1.5575616359710693
1211,1.6554478406906128
1212,1.4630693197250366
1213,1.552433729171753
1214,1.486732840538025
1215,1.4764865636825562
1216,1.5863087177276611
1217,1.5779057741165161
1218,1.633240818977356
1219,1.4817824363708496
1220,1.5824217796325684
1221,1.4874235391616821
1222,1.5511794090270996
1223,1.5699396133422852
1224,1.4946696758270264
1225,1.6380929946899414
1226,1.4555062055587769
1227,1.6044564247131348
1228,1.4652376174926758
1229,1.5844261646270752
1230,1.5576260089874268
1231,1.53617262840271
1232,1.5316948890686035
1233,1.615648865699768
1234,1.5467406511306763
1235,1.4615504741668701
1236,1.555999517440796
1237,1.6183550357818604
1238,1.495232105255127
1239,1.4867141246795654
1240,1.607546091079712
1241,1.4731268882751465
1242,1.4879072904586792
1243,1.5025787353515625
1244,1.570036768913269
1245,1.5531651973724365
1246,1.5650584697723389
1247,1.539445161819458
1248,1.4707640409469604
1249,1.5111680030822754
1250,1.5234307050704956
1251,1.4905601739883423
1252,1.6863592863082886
1253,1.483862042427063
1254,1.5239427089691162
1255,1.525026798248291
1256,1.607487678527832
1257,1.4778759479522705
1258,1.5498632192611694
1259,1.5365384817123413
1260,1.510702133178711
1261,1.535171389579773
1262,1.5431255102157593
1263,1.4702246189117432
1264,1.462628960609436
1265,1.4994139671325684
1266,1.4668225049972534
1267,1.5156488418579102
1268,1.4742752313613892
1269,1.450225591659546
1270,1.5896645784378052
1271,1.57930588722229
1272,1.4709453582763672
1273,1.635013461112976
1274,1.5066838264465332
1275,1.4746278524398804
1276,1.4942072629928589
1277,1.594653606414795
1278,1.5057010650634766
1279,1.4423574209213257
1280,1.6267598867416382
1281,1.545561671257019
1282,1.4691609144210815
1283,1.5453286170959473
1284,1.514055848121643
1285,1.5295594930648804
1286,1.5396164655685425
1287,1.6110546588897705
1288,1.618448257446289
1289,1.5830748081207275
1290,1.4699375629425049
1291,1.498157262802124
1292,1.6182126998901367
1293,1.5384507179260254
1294,1.5117754936218262
1295,1.4497331380844116
1296,1.4808167219161987
1297,1.5738664865493774
1298,1.5431389808654785
1299,1.45417058467865
1300,1.534556269645691
1301,1.4645096063613892
1302,1.5177342891693115
1303,1.5758473873138428
1304,1.5558503866195679
1305,1.6395331621170044
1306,1.499519944190979
1307,1.47038733959198
1308,1.5010249614715576
1309,1.4964202642440796
1310,1.5205638408660889
1311,1.6013599634170532
1312,1.5520238876342773
1313,1.4602015018463135
1314,1.4529989957809448
1315,1.5810374021530151
1316,1.4945446252822876
1317,1.503253698348999
1318,1.5097023248672485
1319,1.4855631589889526
1320,1.5318262577056885
1321,1.4525715112686157
1322,1.5303473472595215
1323,1.4845261573791504
1324,1.4534058570861816
1325,1.5655369758605957
1326,1.5366500616073608
1327,1.5524191856384277
1328,1.4458239078521729
1329,1.5329599380493164
1330,1.4891318082809448
1331,1.4891592264175415
1332,1.550304651260376
1333,1.5194638967514038
1334,1.5623527765274048
1335,1.5491353273391724
1336,1.583202838897705
1337,1.4568681716918945
1338,1.460739254951477
1339,1.5391336679458618
1340,1.505798101425171
1341,1.464791178703308
1342,1.5303633213043213
1343,1.4626866579055786
1344,1.556406855583191
1345,1.5116595029830933
1346,1.4430277347564697
1347,1.6606942415237427
1348,1.583917260169983
1349,1.4770458936691284
1350,1.4983370304107666
1351,1.4902623891830444
1352,1.5108184814453125
1353,1.4528172016143799
1354,1.4851267337799072
1355,1.5734549760818481
1356,1.5396748781204224
1357,1.5842092037200928
1358,1.5907576084136963
1359,1.478874921798706
1360,1.522594690322876
1361,1.4672553539276123
1362,1.4913010597229004
1363,1.5180532932281494
1364,1.5602688789367676
1365,1.5691214799880981
1366,1.466046690940857
1367,1.5699100494384766
1368,1.4789236783981323
1369,1.4518283605575562
1370,1.465097188949585
1371,1.5427495241165161
1372,1.498699426651001
1373,1.479371428489685
1374,1.4885550737380981
1375,1.604629397392273
1376,1.6124407052993774
1377,1.5695382356643677
1378,1.4430025815963745
1379,1.5366982221603394
1380,1.4829092025756836
1381,1.6429834365844727
1382,1.5066150426864624
1383,1.5284051895141602
1384,1.6724982261657715
1385,1.4915536642074585
1386,1.5918688774108887
1387,1.5164122581481934
1388,1.5038349628448486
1389,1.5537517070770264
1390,1.5188277959823608
1391,1.482000708580017
1392,1.4767003059387207
1393,1.6762243509292603
1394,1.577012538909912
1395,1.570501446723938
1396,1.5416237115859985
1397,1.5960516929626465
1398,1.4539490938186646
1399,1.6539167165756226
1400,1.5028647184371948
1401,1.452054738998413
1402,1.4992609024047852
1403,1.4874244928359985
1404,1.4514482021331787
1405,1.6620382070541382
1406,1.4829800128936768
1407,1.488142967224121
1408,1.45406973361969
1409,1.49106764793396
1410,1.5317151546478271
1411,1.4620453119277954
1412,1.499598503112793
1413,1.518114686012268
1414,1.587654948234558
1415,1.4669747352600098
1416,1.5425509214401245
1417,1.4947333335876465
1418,1.5604300498962402
1419,1.4712871313095093
1420,1.5068795680999756
1421,1.577455997467041
1422,1.5914175510406494
1423,1.530142068862915
1424,1.5244911909103394
1425,1.4793038368225098
1426,1.485290765762329
1427,1.484560489654541
1428,1.5738799571990967
1429,1.6437432765960693
1430,1.5188651084899902
1431,1.5911717414855957
1432,1.471979022026062
1433,1.4684205055236816
1434,1.5016027688980103
1435,1.5400311946868896
1436,1.4479758739471436
1437,1.5211762189865112
1438,1.5417195558547974
1439,1.5387531518936157
1440,1.5189547538757324
1441,1.455180287361145
1442,1.602634072303772
1443,1.6209062337875366
1444,1.4594101905822754
1445,1.5835950374603271
1446,1.4849891662597656
1447,1.45211923122406
1448,1.5682097673416138
1449,1.5902942419052124
1450,1.5067945718765259
1451,1.4979838132858276
1452,1.5304588079452515
1453,1.5760886669158936
1454,1.5206859111785889
1455,1.529832363128662
1456,1.4885389804840088
1457,1.4899481534957886
1458,1.4402318000793457
1459,1.5687452554702759
1460,1.4554544687271118
1461,1.5529472827911377
1462,1.5811591148376465
1463,1.5890123844146729
1464,1.5402530431747437
1465,1.5439530611038208
1466,1.5014984607696533
1467,1.5145740509033203
1468,1.5152243375778198
1469,1.5223382711410522
1470,1.469883918762207
1471,1.491436243057251
1472,1.5143170356750488
1473,1.5177091360092163
1474,1.5132944583892822
1475,1.6011962890625
1476,1.484763264656067
1477,1.4929871559143066
1478,1.5017627477645874
1479,1.4881236553192139
1480,1.5432478189468384
1481,1.5190966129302979
1482,1.526706576347351
1483,1.4956296682357788
1484,1.5714280605316162
1485,1.5180721282958984
1486,1.4750038385391235
1487,1.5378015041351318
1488,1.4878275394439697
1489,1.571116328239441
1490,1.5111682415008545
1491,1.620214581489563
1492,1.5234711170196533
1493,1.452248454093933
1494,1.514068365097046
1495,1.5160832405090332
1496,1.4438819885253906
1497,1.5187402963638306
1498,1.5181422233581543
1499,1.4535298347473145
1500,1.5303986072540283
1501,1.4870060682296753
1502,1.5083470344543457
1503,1.5161705017089844
1504,1.5342543125152588
1505,1.5265716314315796
1506,1.4718146324157715
1507,1.5546643733978271
1508,1.473748803138733
1509,1.472855567932129
1510,1.4697877168655396
1511,1.4710854291915894
1512,1.5152943134307861
1513,1.4935542345046997
1514,1.5112630128860474
1515,1.6365172863006592
1516,1.598832130432129
1517,1.445497989654541
1518,1.481781244277954
1519,1.4783207178115845
1520,1.5386959314346313
1521,1.4958264827728271
1522,1.4744348526000977
1523,1.52285897731781
1524,1.4619576930999756
1525,1.5238869190216064
1526,1.4548640251159668
1527,1.571195125579834
1528,1.6074151992797852
1529,1.4506722688674927
1530,1.4709197282791138
1531,1.5334618091583252
1532,1.5336604118347168
1533,1.4537749290466309
1534,1.5007959604263306
1535,1.4839694499969482
1536,1.5008735656738281
1537,1.4699379205703735
1538,1.5538495779037476
1539,1.5143589973449707
1540,1.6512203216552734
1541,1.477713942527771
1542,1.5025993585586548
1543,1.4921566247940063
1544,1.5143004655838013
1545,1.4554253816604614
1546,1.6690348386764526
1547,1.4700887203216553
1548,1.5102384090423584
1549,1.4915657043457031
1550,1.4764025211334229
1551,1.5233930349349976
1552,1.451462984085083
1553,1.460339903831482
1554,1.4612716436386108
1555,1.554969072341919
1556,1.5348373651504517
1557,1.484757661819458
1558,1.5612250566482544
1559,1.4412702322006226
1560,1.6178557872772217
1561,1.4470155239105225
1562,1.6062533855438232
1563,1.4678350687026978
1564,1.4960875511169434
1565,1.5055745840072632
1566,1.5106136798858643
1567,1.4924592971801758
1568,1.5172251462936401
1569,1.5379626750946045
1570,1.6397252082824707
1571,1.5681321620941162
1572,1.5246481895446777
1573,1.5293513536453247
1574,1.4503897428512573
1575,1.5343514680862427
1576,1.4914954900741577
1577,1.5110329389572144
1578,1.5106550455093384
1579,1.6028845310211182
1580,1.52682626247406
1581,1.5823414325714111
1582,1.4789247512817383
1583,1.4848030805587769
1584,1.5719233751296997
1585,1.5393459796905518
1586,1.4549849033355713
1587,1.514503002166748
1588,1.532589077949524
1589,1.44217050075531
1590,1.5340451002120972
1591,1.4652611017227173
1592,1.5266389846801758
1593,1.4837794303894043
1594,1.4389513731002808
1595,1.561268925666809
1596,1.5619134902954102
1597,1.5234696865081787
1598,1.4593843221664429
1599,1.6815996170043945
1600,1.497341513633728
1601,1.484068512916565
1602,1.4983174800872803
1603,1.4830186367034912
1604,1.6143536567687988
1605,1.5069047212600708
1606,1.510907530784607
1607,1.595377802848816
1608,1.4679557085037231
1609,1.5571403503417969
1610,1.5477198362350464
1611,1.5147168636322021
1612,1.453275442123413
1613,1.5450413227081299
1614,1.5575700998306274
1615,1.5252445936203003
1616,1.5005556344985962
1617,1.5060368776321411
1618,1.4690423011779785
1619,1.4703351259231567
1620,1.439682126045227
1621,1.6319646835327148
1622,1.4960060119628906
1623,1.5005868673324585
1624,1.4642746448516846
1625,1.5019367933273315
1626,1.5452296733856201
1627,1.5446302890777588
1628,1.5560314655303955
1629,1.508955717086792
1630,1.5584626197814941
1631,1.5609349012374878
1632,1.5244638919830322
1633,1.507773995399475
1634,1.5861073732376099
1635,1.5727883577346802
1636,1.5809919834136963
1637,1.4742379188537598
1638,1.5080890655517578
1639,1.5680992603302002
1640,1.5191221237182617
1641,1.4960415363311768
1642,1.5040706396102905
1643,1.5467839241027832
1644,1.538129448890686
1645,1.6019879579544067
1646,1.4958434104919434
1647,1.5677491426467896
1648,1.616434931755066
1649,1.5056358575820923
1650,1.4959319829940796
1651,1.5386823415756226
1652,1.578911304473877
1653,1.469204306602478
1654,1.5750253200531006
1655,1.5299186706542969
1656,1.5219429731369019
1657,1.4464051723480225
1658,1.5727360248565674
1659,1.550356388092041
1660,1.494675636291504
1661,1.49775230884552
1662,1.5034669637680054
1663,1.6266504526138306
1664,1.5046229362487793
1665,1.549973726272583
1666,1.4879677295684814
1667,1.4781972169876099
1668,1.5653767585754395
1669,1.6072245836257935
1670,1.4943275451660156
1671,1.5865478515625
1672,1.531935453414917
1673,1.5277431011199951
1674,1.5141873359680176
1675,1.5230551958084106
1676,1.4931855201721191
1677,1.4583666324615479
1678,1.5773520469665527
1679,1.5577270984649658
1680,1.478350043296814
1681,1.5408594608306885
1682,1.4549858570098877
1683,1.5228182077407837
1684,1.6558459997177124
1685,1.581234335899353
1686,1.5462887287139893
1687,1.4778622388839722
1688,1.6229045391082764
1689,1.5427274703979492
1690,1.550566554069519
1691,1.466987133026123
1692,1.4911178350448608
1693,1.6642441749572754
1694,1.6127183437347412
1695,1.515653133392334
1696,1.507765769958496
1697,1.4684447050094604
1698,1.480311393737793
1699,1.4899401664733887
1700,1.5935574769973755
1701,1.530603289604187
1702,1.4955538511276245
1703,1.598505973815918
1704,1.4522874355316162
1705,1.4846243858337402
1706,1.5052201747894287
1707,1.6133832931518555
1708,1.5110023021697998
1709,1.5518643856048584
1710,1.5462126731872559
1711,1.4956167936325073
1712,1.5584793090820312
1713,1.590040922164917
1714,1.6497735977172852
1715,1.4692597389221191
1716,1.5887136459350586
1717,1.4971438646316528
1718,1.487762212753296
1719,1.4483691453933716
1720,1.5551422834396362
1721,1.4444953203201294
1722,1.4912030696868896
1723,1.5186063051223755
1724,1.5305346250534058
1725,1.560469150543213
1726,1.5371655225753784
1727,1.6224596500396729
1728,1.5218267440795898
1729,1.443872094154358
1730,1.471272587776184
1731,1.5729619264602661
1732,1.4922116994857788
1733,1.5031160116195679
1734,1.475197672843933
1735,1.566969633102417
1736,1.4834682941436768
1737,1.4927566051483154
1738,1.4757951498031616
1739,1.539168357849121
1740,1.4869422912597656
1741,1.4587059020996094
1742,1.5805939435958862
1743,1.4751373529434204
1744,1.5201985836029053
1745,1.5501025915145874
1746,1.5256009101867676
1747,1.5851341485977173
1748,1.5579354763031006
1749,1.6003471612930298
1750,1.5645246505737305
1751,1.6845128536224365
1752,1.5323326587677002
1753,1.6507354974746704
1754,1.4517273902893066
1755,1.516430139541626
1756,1.5571843385696411
1757,1.472440242767334
1758,1.505640983581543
1759,1.5385453701019287
1760,1.5594892501831055
1761,1.5571190118789673
1762,1.4651997089385986
1763,1.5354115962982178
1764,1.5624862909317017
1765,1.529371976852417
1766,1.4638069868087769
1767,1.5564771890640259
1768,1.5243263244628906
1769,1.5343776941299438
1770,1.4415795803070068
1771,1.5559206008911133
1772,1.474611759185791
1773,1.5484955310821533
1774,1.528786540031433
1775,1.5533570051193237
1776,1.5031356811523438
1777,1.4715670347213745
1778,1.5424139499664307
1779,1.5527527332305908
1780,1.5019469261169434
1781,1.4811427593231201
1782,1.4581491947174072
1783,1.4925565719604492
1784,1.5805226564407349
1785,1.5617161989212036
1786,1.5701744556427002
1787,1.4646601676940918
1788,1.5629332065582275
1789,1.6389856338500977
1790,1.5262935161590576
1791,1.4952019453048706
1792,1.5551245212554932
1793,1.514087438583374
1794,1.5592187643051147
1795,1.4888501167297363
1796,1.497754454612732
1797,1.4642928838729858
1798,1.464495062828064
1799,1.496667742729187
1800,1.4886351823806763
1801,1.4681707620620728
1802,1.5293525457382202
1803,1.5390605926513672
1804,1.6343910694122314
1805,1.5381449460983276
1806,1.5732312202453613
1807,1.6164461374282837
1808,1.554226040840149
1809,1.6056329011917114
1810,1.5480464696884155
1811,1.5262081623077393
1812,1.5088597536087036
1813,1.439452886581421
1814,1.508364200592041
1815,1.5331299304962158
1816,1.4449620246887207
1817,1.573762059211731
1818,1.4473896026611328
1819,1.5072741508483887
1820,1.5111727714538574
1821,1.4708739519119263
1822,1.4856483936309814
1823,1.473207950592041
1824,1.5936858654022217
1825,1.537062406539917
1826,1.448573350906372
1827,1.4817211627960205
1828,1.5141587257385254
1829,1.5272413492202759
1830,1.4633256196975708
1831,1.6322052478790283
1832,1.5040467977523804
1833,1.4419761896133423
1834,1.50697922706604
1835,1.4966650009155273
1836,1.5270545482635498
1837,1.4872032403945923
1838,1.4999825954437256
1839,1.5457712411880493
1840,1.4739267826080322
1841,1.5518624782562256
1842,1.516849160194397
1843,1.4696134328842163
1844,1.5747301578521729
1845,1.4826966524124146
1846,1.4570775032043457
1847,1.4637280702590942
1848,1.4941314458847046
1849,1.5504554510116577
1850,1.6066688299179077
1851,1.4699652194976807
1852,1.5790928602218628
1853,1.4641146659851074
1854,1.609864354133606
1855,1.4623894691467285
1856,1.5595430135726929
1857,1.5459613800048828
1858,1.4652632474899292
1859,1.4858986139297485
1860,1.5246822834014893
1861,1.5125588178634644
1862,1.573047399520874
1863,1.4965568780899048
1864,1.5400347709655762
1865,1.4727827310562134
1866,1.4563816785812378
1867,1.443031907081604
1868,1.5028835535049438
1869,1.493067741394043
1870,1.5469374656677246
1871,1.4773266315460205
1872,1.5917097330093384
1873,1.5090217590332031
1874,1.4853953123092651
1875,1.5112946033477783
1876,1.5960639715194702
1877,1.4954596757888794
1878,1.520876169204712
1879,1.5998096466064453
1880,1.4647520780563354
1881,1.5506221055984497
1882,1.6262191534042358
1883,1.4956860542297363
1884,1.5008430480957031
1885,1.5618655681610107
1886,1.5380600690841675
1887,1.5854365825653076
1888,1.501544713973999
1889,1.5229796171188354
1890,1.4549120664596558
1891,1.5253286361694336
1892,1.5268580913543701
1893,1.508186936378479
1894,1.497999906539917
1895,1.5288712978363037
1896,1.503704309463501
1897,1.4398874044418335
1898,1.4742252826690674
1899,1.507742166519165
1900,1.5233559608459473
1901,1.5238350629806519
1902,1.5256601572036743
1903,1.6086835861206055
1904,1.527661919593811
1905,1.5255128145217896
1906,1.6037088632583618
1907,1.5770586729049683
1908,1.4847739934921265
1909,1.5114610195159912
1910,1.5027326345443726
1911,1.5358628034591675
1912,1.5510737895965576
1913,1.4783930778503418
1914,1.6266810894012451
1915,1.5354156494140625
1916,1.5492843389511108
1917,1.4607504606246948
1918,1.5886311531066895
1919,1.4792404174804688
1920,1.5319613218307495
1921,1.5219857692718506
1922,1.5386799573898315
1923,1.5032483339309692
1924,1.581474781036377
1925,1.505564570426941
1926,1.5040642023086548
1927,1.6481350660324097
1928,1.5197266340255737
1929,1.5445494651794434
1930,1.5962902307510376
1931,1.4801197052001953
1932,1.5215733051300049
1933,1.4936490058898926
1934,1.5302215814590454
1935,1.5955772399902344
1936,1.493964672088623
1937,1.511435627937317
1938,1.5684372186660767
1939,1.517998456954956
1940,1.648481845855713
1941,1.4458585977554321
1942,1.4735572338104248
1943,1.4652979373931885
1944,1.5214837789535522
1945,1.5174291133880615
1946,1.4989335536956787
1947,1.4808990955352783
1948,1.4547510147094727
1949,1.5346707105636597
1950,1.6141998767852783
1951,1.5531249046325684
1952,1.5307179689407349
1953,1.5556414127349854
1954,1.5352599620819092
1955,1.4825800657272339
1956,1.4478927850723267
1957,1.5550343990325928
1958,1.5044864416122437
1959,1.5103448629379272
1960,1.4434529542922974
1961,1.5145944356918335
1962,1.47455894947052
1963,1.5241318941116333
1964,1.4952149391174316
1965,1.4688737392425537
1966,1.4360589981079102
1967,1.4709495306015015
1968,1.5470530986785889
1969,1.4542673826217651
1970,1.5577342510223389
1971,1.5140715837478638
1972,1.4592639207839966
1973,1.523642659187317
1974,1.449850082397461
1975,1.5578315258026123
1976,1.5640590190887451
1977,1.4798574447631836
1978,1.5556777715682983
1979,1.553500771522522
1980,1.4824974536895752
1981,1.5435800552368164
1982,1.4502378702163696
1983,1.569571852684021
1984,1.4722179174423218
1985,1.6230491399765015
1986,1.4686945676803589
1987,1.464292049407959
1988,1.461870789527893
1989,1.5012307167053223
1990,1.526021122932434
1991,1.5729544162750244
1992,1.5921257734298706
1993,1.4744638204574585
1994,1.4941723346710205
1995,1.5431456565856934
1996,1.536427617073059
1997,1.5403462648391724
1998,1.52315092086792
1999,1.523348331451416
2000,1.5360519886016846
2001,1.4444341659545898
2002,1.4762046337127686
2003,1.4558805227279663
2004,1.563482403755188
2005,1.5493969917297363
2006,1.5657249689102173
2007,1.5752229690551758
2008,1.5214735269546509
2009,1.4704869985580444
2010,1.5342392921447754
2011,1.5190150737762451
2012,1.5433030128479004
2013,1.5070675611495972
2014,1.542531967163086
2015,1.4658105373382568
2016,1.6513078212738037
2017,1.4371507167816162
2018,1.5182644128799438
2019,1.595288872718811
2020,1.483728051185608
2021,1.4929442405700684
2022,1.5725364685058594
2023,1.480739712715149
2024,1.6045576333999634
2025,1.4702467918395996
2026,1.4738975763320923
2027,1.5026192665100098
2028,1.4677116870880127
2029,1.4962494373321533
2030,1.5306434631347656
2031,1.505634069442749
2032,1.455268383026123
2033,1.5553127527236938
2034,1.5241765975952148
2035,1.5079619884490967
2036,1.4978070259094238
2037,1.5048274993896484
2038,1.527306079864502
2039,1.481170415878296
2040,1.5810890197753906
2041,1.4883601665496826
2042,1.460299015045166
2043,1.4386956691741943
2044,1.5081781148910522
2045,1.4817025661468506
2046,1.569722056388855
2047,1.6375497579574585
2048,1.5295497179031372
2049,1.4733721017837524
2050,1.4599312543869019
2051,1.5145506858825684
2052,1.5814744234085083
2053,1.4630132913589478
2054,1.4712971448898315
2055,1.4827747344970703
2056,1.5179357528686523
2057,1.525250792503357
2058,1.4677584171295166
2059,1.5995553731918335
2060,1.5155161619186401
2061,1.4796444177627563
2062,1.6016662120819092
2063,1.456106185913086
2064,1.5189977884292603
2065,1.4582797288894653
2066,1.472554087638855
2067,1.536120057106018
2068,1.5749199390411377
2069,1.4641292095184326
2070,1.448106050491333
2071,1.468092918395996
2072,1.5244431495666504
2073,1.5629546642303467
2074,1.477059006690979
2075,1.4824163913726807
2076,1.51835036277771
2077,1.4414288997650146
2078,1.4930204153060913
2079,1.4497166872024536
2080,1.5018378496170044
2081,1.5881110429763794
2082,1.5326414108276367
2083,1.4569140672683716
2084,1.5303832292556763
2085,1.5034204721450806
2086,1.490136742591858
2087,1.4961187839508057
2088,1.4452316761016846
2089,1.4839203357696533
2090,1.5120058059692383
2091,1.4357316493988037
2092,1.470988154411316
2093,1.5032621622085571
2094,1.4658277034759521
2095,1.478888750076294
2096,1.549201488494873
2097,1.4959545135498047
2098,1.5928914546966553
2099,1.4643409252166748
2100,1.49201238155365
2101,1.5079655647277832
2102,1.49478280544281
2103,1.5181970596313477
2104,1.5192339420318604
2105,1.5480595827102661
2106,1.5337258577346802
2107,1.493185043334961
2108,1.4562900066375732
2109,1.5035865306854248
2110,1.5352766513824463
2111,1.4919356107711792
2112,1.5023338794708252
2113,1.4716205596923828
2114,1.483524203300476
2115,1.45652437210083
2116,1.51825749874115
2117,1.4997605085372925
2118,1.4812066555023193
2119,1.4988186359405518
2120,1.5340608358383179
2121,1.4536672830581665
2122,1.5456480979919434
2123,1.4477545022964478
2124,1.437267541885376
2125,1.443709135055542
2126,1.483614444732666
2127,1.4785830974578857
2128,1.4964890480041504
2129,1.6138427257537842
2130,1.596616506576538
2131,1.5258690118789673
2132,1.4669102430343628
2133,1.4419357776641846
2134,1.5176565647125244
2135,1.4763269424438477
2136,1.4456411600112915
2137,1.4911870956420898
2138,1.4972118139266968
2139,1.4970529079437256
2140,1.491778016090393
2141,1.4699431657791138
2142,1.4728915691375732
2143,1.4418927431106567
2144,1.438640832901001
2145,1.534892201423645
2146,1.5020991563796997
2147,1.5877659320831299
2148,1.4530432224273682
2149,1.54761803150177
2150,1.5386995077133179
2151,1.5236128568649292
2152,1.4683204889297485
2153,1.5635418891906738
2154,1.5027951002120972
2155,1.4795324802398682
2156,1.5846258401870728
2157,1.4345064163208008
2158,1.4702093601226807
2159,1.5048736333847046
2160,1.5671894550323486
2161,1.5906462669372559
2162,1.5110657215118408
2163,1.4471147060394287
2164,1.4952661991119385
2165,1.5098906755447388
2166,1.4803749322891235
2167,1.4838907718658447
2168,1.4613873958587646
2169,1.4970260858535767
2170,1.5619022846221924
2171,1.4604207277297974
2172,1.5348668098449707
2173,1.513887882232666
2174,1.4543472528457642
2175,1.4709019660949707
2176,1.5629045963287354
2177,1.4899905920028687
2178,1.508353590965271
2179,1.543473720550537
2180,1.6257152557373047
2181,1.5017919540405273
2182,1.4658398628234863
2183,1.5872825384140015
2184,1.4753644466400146
2185,1.4953062534332275
2186,1.5071661472320557
2187,1.6088283061981201
2188,1.4449946880340576
2189,1.4848006963729858
2190,1.5752040147781372
2191,1.4713162183761597
2192,1.4426652193069458
2193,1.4408280849456787
2194,1.5354396104812622
2195,1.4766454696655273
2196,1.495512843132019
2197,1.5213760137557983
2198,1.548812985420227
2199,1.5373717546463013
2200,1.4475880861282349
2201,1.4627760648727417
2202,1.675392508506775
2203,1.500709056854248
2204,1.5245654582977295
2205,1.5376126766204834
2206,1.5103837251663208
2207,1.4891287088394165
2208,1.5002042055130005
2209,1.507846474647522
2210,1.5018450021743774
2211,1.444452166557312
2212,1.582056999206543
2213,1.6140871047973633
2214,1.5213664770126343
2215,1.6382752656936646
2216,1.5213124752044678
2217,1.4544811248779297
2218,1.5848097801208496
2219,1.5468300580978394
2220,1.4339958429336548
2221,1.4706906080245972
2222,1.4824579954147339
2223,1.4470202922821045
2224,1.448048710823059
2225,1.4474067687988281
2226,1.4729796648025513
2227,1.4642738103866577
2228,1.479601502418518
2229,1.535637378692627
2230,1.5721898078918457
2231,1.466172695159912
2232,1.4847240447998047
2233,1.5197529792785645
2234,1.5311461687088013
2235,1.4803462028503418
2236,1.4965870380401611
2237,1.5309553146362305
2238,1.521806001663208
2239,1.465213656425476
2240,1.445716142654419
2241,1.5678030252456665
2242,1.4774805307388306
2243,1.4522271156311035
2244,1.5284225940704346
2245,1.6072593927383423
2246,1.561295986175537
2247,1.5273319482803345
2248,1.4772047996520996
2249,1.493453025817871
2250,1.484005331993103
2251,1.4412338733673096
2252,1.5214393138885498
2253,1.4695149660110474
2254,1.5265434980392456
2255,1.618559718132019
2256,1.4594395160675049
2257,1.520574927330017
2258,1.4615013599395752
2259,1.459495186805725
2260,1.4631195068359375
2261,1.527694821357727
2262,1.4514135122299194
2263,1.5458910465240479
2264,1.4737608432769775
2265,1.483550786972046
2266,1.4445059299468994
2267,1.4970519542694092
2268,1.5642664432525635
2269,1.4523863792419434
2270,1.5038654804229736
2271,1.512493371963501
2272,1.5040204524993896
2273,1.484740138053894
2274,1.5319575071334839
2275,1.5115638971328735
2276,1.5556734800338745
2277,1.5706506967544556
2278,1.5093955993652344
2279,1.5133605003356934
2280,1.5505142211914062
2281,1.4600608348846436
2282,1.5764000415802002
2283,1.564456820487976
2284,1.5047786235809326
2285,1.505825161933899
2286,1.5212008953094482
2287,1.4620511531829834
2288,1.4783388376235962
2289,1.4496212005615234
2290,1.4859018325805664
2291,1.536307454109192
2292,1.4973341226577759
2293,1.5407822132110596
2294,1.5480951070785522
2295,1.52956223487854
2296,1.492343783378601
2297,1.4552382230758667
2298,1.480410099029541
2299,1.455004334449768
2300,1.5322778224945068
2301,1.4426430463790894
2302,1.5034699440002441
2303,1.4660520553588867
2304,1.4890462160110474
2305,1.4453296661376953
2306,1.496232032775879
2307,1.4445619583129883
2308,1.5082194805145264
2309,1.5743523836135864
2310,1.4390593767166138
2311,1.4865106344223022
2312,1.486609697341919
2313,1.5194357633590698
2314,1.4549198150634766
2315,1.502699375152588
2316,1.4706463813781738
2317,1.5757805109024048
2318,1.4841545820236206
2319,1.4880876541137695
2320,1.4496620893478394
2321,1.4682508707046509
2322,1.5252275466918945
2323,1.5517640113830566
2324,1.4723420143127441
2325,1.4490776062011719
2326,1.4490270614624023
2327,1.5027505159378052
2328,1.4676252603530884
2329,1.5281895399093628
2330,1.5390821695327759
2331,1.5357179641723633
2332,1.5677375793457031
2333,1.537032127380371
2334,1.5413236618041992
2335,1.495601773262024
2336,1.5201337337493896
2337,1.5575692653656006
2338,1.468872308731079
2339,1.4419348239898682
2340,1.5329002141952515
2341,1.5307506322860718
2342,1.45963716506958
2343,1.4886956214904785
2344,1.4526855945587158
2345,1.4638595581054688
2346,1.4987192153930664
2347,1.485933542251587
2348,1.6029247045516968
2349,1.562627911567688
2350,1.4677749872207642
2351,1.5794179439544678
2352,1.535325050354004
2353,1.4649585485458374
2354,1.4536502361297607
2355,1.4880461692810059
2356,1.5872817039489746
2357,1.5128546953201294
2358,1.4917473793029785
2359,1.4513899087905884
2360,1.4524250030517578
2361,1.5112085342407227
2362,1.453786849975586
2363,1.4381005764007568
2364,1.4502400159835815
2365,1.5097203254699707
2366,1.5303370952606201
2367,1.6061694622039795
2368,1.4615256786346436
2369,1.445497989654541
2370,1.5149034261703491
2371,1.481227993965149
2372,1.4942469596862793
2373,1.4935622215270996
2374,1.5266673564910889
2375,1.4528493881225586
2376,1.529576301574707
2377,1.5347309112548828
2378,1.450777292251587
2379,1.4424651861190796
2380,1.4628440141677856
2381,1.5467238426208496
2382,1.4855225086212158
2383,1.5533866882324219
2384,1.5052353143692017
2385,1.497743010520935
2386,1.4433565139770508
2387,1.6382334232330322
2388,1.456611156463623
2389,1.5581763982772827
2390,1.4787311553955078
2391,1.5111255645751953
2392,1.6082767248153687
2393,1.587816596031189
2394,1.5376116037368774
2395,1.471256971359253
2396,1.4943971633911133
2397,1.5494191646575928
2398,1.5064886808395386
2399,1.4737995862960815
2400,1.5240426063537598
2401,1.4527826309204102
2402,1.5880072116851807
2403,1.5102365016937256
2404,1.4748454093933105
2405,1.5246555805206299
2406,1.5186209678649902
2407,1.4899364709854126
2408,1.586173415184021
2409,1.4535064697265625
2410,1.5508484840393066
2411,1.4809118509292603
2412,1.508000135421753
2413,1.558908224105835
2414,1.4643524885177612
2415,1.4931851625442505
2416,1.4741052389144897
2417,1.477518081665039
2418,1.5110944509506226
2419,1.524917483329773
2420,1.6418282985687256
2421,1.4613667726516724
2422,1.573198676109314
2423,1.46505606174469
2424,1.5365982055664062
2425,1.4907054901123047
2426,1.6327787637710571
2427,1.5857479572296143
2428,1.4378342628479004
2429,1.4462898969650269
2430,1.5555574893951416
2431,1.564424991607666
2432,1.5246655941009521
2433,1.4653443098068237
2434,1.471015214920044
2435,1.5145126581192017
2436,1.5695586204528809
2437,1.4755516052246094
2438,1.4932533502578735
2439,1.4820289611816406
2440,1.6256895065307617
2441,1.4827631711959839
2442,1.60028076171875
2443,1.534592628479004
2444,1.434800386428833
2445,1.4931139945983887
2446,1.500558853149414
2447,1.4901866912841797
2448,1.498366117477417
2449,1.5677975416183472
2450,1.5529080629348755
2451,1.4697134494781494
2452,1.4891924858093262
2453,1.493966817855835
2454,1.4956227540969849
2455,1.56022310256958
2456,1.5200655460357666
2457,1.4633911848068237
2458,1.4718000888824463
2459,1.5272003412246704
2460,1.4648805856704712
2461,1.5340760946273804
2462,1.5354950428009033
2463,1.5078144073486328
2464,1.449153184890747
2465,1.474774956703186
2466,1.4885447025299072
2467,1.4428927898406982
2468,1.541386604309082
2469,1.433903455734253
2470,1.5008026361465454
2471,1.536946177482605
2472,1.4947987794876099
2473,1.5186444520950317
2474,1.5050685405731201
2475,1.4806408882141113
2476,1.4504860639572144
2477,1.4961307048797607
2478,1.4487190246582031
2479,1.5151176452636719
2480,1.543554663658142
2481,1.4508296251296997
2482,1.4598548412322998
2483,1.5203437805175781
2484,1.5043359994888306
2485,1.5063363313674927
2486,1.5630950927734375
2487,1.455893635749817
2488,1.4825387001037598
2489,1.474156379699707
2490,1.501731514930725
2491,1.522988200187683
2492,1.4767420291900635
2493,1.487385869026184
2494,1.4924709796905518
2495,1.494691252708435
2496,1.4870866537094116
2497,1.451240062713623
2498,1.446550965309143
2499,1.5230276584625244
2500,1.4570121765136719
