0,2.302964687347412
1,2.2819602489471436
2,2.448234796524048
3,2.1551291942596436
4,2.4776055812835693
5,2.6526002883911133
6,2.3995554447174072
7,2.4206795692443848
8,2.6911611557006836
9,2.108586072921753
10,2.3501687049865723
11,2.3401262760162354
12,2.384766101837158
13,2.2113163471221924
14,2.046919345855713
15,2.1833181381225586
16,2.4819114208221436
17,2.191589832305908
18,2.5568041801452637
19,1.9561412334442139
20,2.493089437484741
21,2.239048957824707
22,2.2932653427124023
23,2.2246570587158203
24,2.3734652996063232
25,2.425842761993408
26,2.3242247104644775
27,2.3257029056549072
28,2.415848970413208
29,2.366421699523926
30,2.4506077766418457
31,2.3261899948120117
32,2.2152302265167236
33,2.3436076641082764
34,2.4998092651367188
35,2.5458006858825684
36,1.9828506708145142
37,2.1416738033294678
38,2.312272071838379
39,2.153419017791748
40,2.2537479400634766
41,2.2065632343292236
42,2.4339709281921387
43,2.1896800994873047
44,2.1798863410949707
45,2.3774938583374023
46,2.4001808166503906
47,2.283548355102539
48,2.214663505554199
49,2.5642426013946533
50,2.6466422080993652
51,2.0297837257385254
52,2.3724422454833984
53,2.317322254180908
54,2.323960065841675
55,2.21938419342041
56,2.1180152893066406
57,2.1865971088409424
58,2.2950429916381836
59,2.0355100631713867
60,2.271772861480713
61,2.3199615478515625
62,2.0594260692596436
63,1.9651753902435303
64,2.5285558700561523
65,2.278332471847534
66,1.9601740837097168
67,2.2164173126220703
68,2.2063310146331787
69,2.324021816253662
70,2.074575185775757
71,2.0279364585876465
72,2.478719472885132
73,2.128464460372925
74,2.275733232498169
75,2.3925671577453613
76,2.3031368255615234
77,2.505570888519287
78,2.5616743564605713
79,2.3395743370056152
80,2.261030673980713
81,2.5810084342956543
82,2.41790771484375
83,2.2659645080566406
84,2.3206121921539307
85,2.4939346313476562
86,2.328457832336426
87,2.0494322776794434
88,2.0775859355926514
89,2.2520642280578613
90,2.154470920562744
91,2.019679069519043
92,2.1103644371032715
93,1.8882780075073242
94,2.4867687225341797
95,2.2129790782928467
96,2.272174596786499
97,2.2365150451660156
98,2.0315639972686768
99,2.606379508972168
100,2.6564011573791504
101,2.139068365097046
102,2.485840320587158
103,2.463766098022461
104,2.0776047706604004
105,2.1799850463867188
106,1.9178223609924316
107,2.115161895751953
108,2.5141777992248535
109,2.1115500926971436
110,2.3863444328308105
111,2.1102869510650635
112,2.38759708404541
113,2.012425422668457
114,1.9597843885421753
115,1.8512746095657349
116,2.379594087600708
117,1.9772629737854004
118,1.7746566534042358
119,1.7311935424804688
120,2.050062417984009
121,2.0134758949279785
122,2.2861292362213135
123,2.120136260986328
124,1.9750850200653076
125,1.9683395624160767
126,1.8505229949951172
127,1.873515248298645
128,1.8356261253356934
129,1.6195142269134521
130,2.0928165912628174
131,1.8822526931762695
132,2.0335121154785156
133,1.6935181617736816
134,1.956678867340088
135,1.8577625751495361
136,1.9479577541351318
137,1.7113261222839355
138,2.2897682189941406
139,1.5838830471038818
140,1.9321284294128418
141,2.095160722732544
142,1.6844114065170288
143,1.8011386394500732
144,1.9128625392913818
145,2.025132656097412
146,1.832493543624878
147,2.1001110076904297
148,2.0794363021850586
149,2.054375648498535
150,1.748833417892456
151,2.045912504196167
152,1.8239506483078003
153,1.9117262363433838
154,1.8639661073684692
155,2.1829833984375
156,2.053759813308716
157,2.182650566101074
158,1.873631477355957
159,1.8883171081542969
160,2.22940731048584
161,1.719617486000061
162,2.008312702178955
163,1.6946722269058228
164,1.6427597999572754
165,1.9352126121520996
166,1.8059959411621094
167,2.021937370300293
168,1.7386765480041504
169,1.8257232904434204
170,1.7805287837982178
171,1.8930506706237793
172,1.937504529953003
173,1.7071223258972168
174,1.8294529914855957
175,2.0398733615875244
176,2.072025775909424
177,1.9917407035827637
178,2.0694968700408936
179,1.734761357307434
180,1.9203577041625977
181,1.6000194549560547
182,1.9012562036514282
183,2.0495829582214355
184,1.7099835872650146
185,1.6451743841171265
186,2.5399625301361084
187,2.863654851913452
188,2.7034192085266113
189,2.602818012237549
190,2.8072705268859863
191,2.899254322052002
192,2.816915273666382
193,2.5058465003967285
194,2.8006441593170166
195,2.869246482849121
196,2.9326114654541016
197,2.470578908920288
198,2.4633920192718506
199,2.7335524559020996
200,2.3838908672332764
201,2.7849667072296143
202,2.7901391983032227
203,2.6091361045837402
204,2.667696475982666
205,2.5840675830841064
206,2.1021857261657715
207,2.6114110946655273
208,2.3077239990234375
209,2.1379544734954834
210,2.1271719932556152
211,2.2540996074676514
212,1.9731383323669434
213,2.2365262508392334
214,1.9101667404174805
215,2.0171234607696533
216,2.126849889755249
217,2.4247422218322754
218,2.1892569065093994
219,2.7643485069274902
220,2.4599359035491943
221,2.320985794067383
222,2.408158302307129
223,1.9049276113510132
224,2.6187899112701416
225,2.401871919631958
226,2.069981813430786
227,2.4944753646850586
228,2.173961639404297
229,1.9685662984848022
230,2.2288711071014404
231,1.828673243522644
232,1.902480959892273
233,1.9743975400924683
234,2.087991237640381
235,2.0324037075042725
236,2.1585750579833984
237,2.006516695022583
238,1.871323823928833
239,2.485668897628784
240,2.0472309589385986
241,2.1328320503234863
242,2.2294628620147705
243,2.0022311210632324
244,2.041879892349243
245,1.8748838901519775
246,2.0454952716827393
247,1.788899540901184
248,2.2055132389068604
249,1.8399624824523926
250,2.029125928878784
251,1.9224754571914673
252,1.923050880432129
253,1.834518313407898
254,1.9200584888458252
255,2.1382739543914795
256,2.198472738265991
257,1.9672844409942627
258,1.9774625301361084
259,2.0379233360290527
260,1.9246697425842285
261,1.812290072441101
262,1.9096429347991943
263,1.8828479051589966
264,2.002981662750244
265,2.136608600616455
266,2.080254316329956
267,2.020740032196045
268,2.2377729415893555
269,2.183997869491577
270,1.9564526081085205
271,2.0068459510803223
272,2.098212480545044
273,1.912753701210022
274,1.9241578578948975
275,1.8133422136306763
276,2.0495786666870117
277,1.8707127571105957
278,1.7998478412628174
279,2.0471038818359375
280,1.9652916193008423
281,1.7777678966522217
282,2.1562089920043945
283,1.8488836288452148
284,2.0693228244781494
285,1.9370133876800537
286,1.7272902727127075
287,2.0490329265594482
288,1.6566888093948364
289,1.9295520782470703
290,1.7942392826080322
291,2.140308141708374
292,1.5242071151733398
293,1.9956722259521484
294,1.7831648588180542
295,1.872821569442749
296,1.7180055379867554
297,2.0442886352539062
298,1.8506182432174683
299,2.0467941761016846
300,2.148810863494873
301,1.8404706716537476
302,1.7155393362045288
303,1.8607409000396729
304,1.7241969108581543
305,1.8239363431930542
306,1.550543189048767
307,1.7508914470672607
308,1.6933194398880005
309,2.1339337825775146
310,1.9624570608139038
311,1.7979798316955566
312,1.7567620277404785
313,2.08412766456604
314,1.5435645580291748
315,1.91731858253479
316,1.6709158420562744
317,1.7892957925796509
318,1.7971274852752686
319,2.041954278945923
320,1.6443709135055542
321,1.7832897901535034
322,1.9814895391464233
323,1.9602423906326294
324,2.0816268920898438
325,1.5400140285491943
326,1.8589118719100952
327,1.9903749227523804
328,1.647709608078003
329,1.5655677318572998
330,1.8926324844360352
331,2.197526693344116
332,1.8782989978790283
333,1.8370387554168701
334,1.792556881904602
335,2.028463363647461
336,2.0892722606658936
337,1.914718747138977
338,1.880565881729126
339,1.49385666847229
340,2.042703628540039
341,1.6355376243591309
342,2.0833609104156494
343,2.0321483612060547
344,1.9891469478607178
345,1.7456800937652588
346,1.7676515579223633
347,1.7285195589065552
348,2.175584316253662
349,1.9915684461593628
350,1.8503473997116089
351,1.6198173761367798
352,1.8033461570739746
353,1.7919979095458984
354,1.739432454109192
355,1.7404459714889526
356,1.9200838804244995
357,1.7657270431518555
358,1.7872114181518555
359,1.9403609037399292
360,1.863909125328064
361,1.685894250869751
362,1.7953824996948242
363,1.8369382619857788
364,1.8548669815063477
365,1.8620325326919556
366,1.8124420642852783
367,1.891413927078247
368,1.5971086025238037
369,2.22927188873291
370,2.4872488975524902
371,1.7373802661895752
372,2.359764337539673
373,1.7900090217590332
374,2.005312919616699
375,1.635427474975586
376,2.0132298469543457
377,1.598455786705017
378,1.8982852697372437
379,2.0667710304260254
380,1.752372145652771
381,1.91654634475708
382,1.9353270530700684
383,2.081812620162964
384,1.7729967832565308
385,1.6695404052734375
386,2.053046226501465
387,1.9063642024993896
388,1.8657541275024414
389,1.7391417026519775
390,1.5397262573242188
391,1.859167456626892
392,1.6360704898834229
393,1.8588175773620605
394,1.7449311017990112
395,1.832151174545288
396,1.6363822221755981
397,1.4938795566558838
398,1.8548243045806885
399,1.781831979751587
400,1.836085319519043
401,1.8959182500839233
402,1.6618907451629639
403,1.7766501903533936
404,1.7387235164642334
405,1.5919626951217651
406,1.5770354270935059
407,1.7425811290740967
408,1.6292951107025146
409,1.7545793056488037
410,1.5400327444076538
411,1.6452094316482544
412,1.6590032577514648
413,1.5556198358535767
414,1.6197952032089233
415,1.834483027458191
416,2.3068418502807617
417,2.195040702819824
418,1.7111364603042603
419,1.715995192527771
420,1.8017443418502808
421,1.7139570713043213
422,1.7318382263183594
423,1.842427372932434
424,1.8151036500930786
425,1.7927623987197876
426,1.6709377765655518
427,1.7697539329528809
428,1.6684551239013672
429,1.5199627876281738
430,1.9205572605133057
431,1.6749624013900757
432,1.8974357843399048
433,1.8300909996032715
434,1.952919602394104
435,1.661043405532837
436,1.5960845947265625
437,1.9228267669677734
438,2.1212258338928223
439,1.6863160133361816
440,1.5649230480194092
441,1.9723340272903442
442,1.8074135780334473
443,1.7789223194122314
444,1.8053048849105835
445,1.83149254322052
446,1.7366821765899658
447,1.63273024559021
448,1.927506446838379
449,1.7569996118545532
450,1.814095139503479
451,1.7832204103469849
452,1.7087023258209229
453,1.6517452001571655
454,1.874609112739563
455,1.9430137872695923
456,1.7057509422302246
457,1.7839617729187012
458,1.6948312520980835
459,1.544069528579712
460,1.517944574356079
461,1.7711085081100464
462,1.9868345260620117
463,1.8660755157470703
464,1.8378801345825195
465,2.2063632011413574
466,2.1197550296783447
467,1.6793420314788818
468,1.849225401878357
469,1.852662444114685
470,1.6664890050888062
471,1.6013658046722412
472,1.5543978214263916
473,1.7670326232910156
474,1.5840325355529785
475,1.8183727264404297
476,1.5592652559280396
477,1.6052463054656982
478,1.7112256288528442
479,1.4882724285125732
480,1.516257643699646
481,1.5571980476379395
482,1.5531381368637085
483,1.6775283813476562
484,1.8685673475265503
485,1.7650506496429443
486,1.8370087146759033
487,1.4931952953338623
488,1.4831243753433228
489,1.5084866285324097
490,2.0005905628204346
491,1.5474529266357422
492,1.6338086128234863
493,1.849530577659607
494,1.9099750518798828
495,1.485215663909912
496,1.7632479667663574
497,1.7236652374267578
498,1.6591094732284546
499,1.7072378396987915
500,2.0692830085754395
501,1.7636401653289795
502,1.5167853832244873
503,1.62865149974823
504,1.5418649911880493
505,1.6327147483825684
506,1.7970080375671387
507,1.5467792749404907
508,1.6939852237701416
509,1.674739122390747
510,1.676682949066162
511,1.7425898313522339
512,1.4705297946929932
513,1.6811177730560303
514,1.786584734916687
515,1.5769304037094116
516,1.553004264831543
517,1.8347556591033936
518,1.7054191827774048
519,1.865727424621582
520,1.6835418939590454
521,1.5534523725509644
522,1.7647812366485596
523,1.4519004821777344
524,1.5046653747558594
525,1.750402808189392
526,1.7359925508499146
527,1.47259521484375
528,1.865236520767212
529,1.8266326189041138
530,1.6626886129379272
531,1.5265283584594727
532,1.5817617177963257
533,1.7738176584243774
534,1.5351934432983398
535,1.5048028230667114
536,1.568488359451294
537,1.7729240655899048
538,1.8265786170959473
539,1.7974469661712646
540,1.6445339918136597
541,1.692643642425537
542,1.6050848960876465
543,1.5045158863067627
544,1.5602176189422607
545,1.5833617448806763
546,1.5571165084838867
547,1.9196983575820923
548,1.5868349075317383
549,1.7048414945602417
550,1.7402993440628052
551,1.481207251548767
552,1.4494328498840332
553,1.5359296798706055
554,2.021483898162842
555,1.7040048837661743
556,1.5801005363464355
557,1.5638536214828491
558,1.4503741264343262
559,1.676145076751709
560,1.6545891761779785
561,1.7308474779129028
562,1.7853238582611084
563,1.541844367980957
564,1.7630921602249146
565,1.6070590019226074
566,1.6484034061431885
567,1.6908917427062988
568,1.6659852266311646
569,1.8214242458343506
570,1.749495506286621
571,1.5305734872817993
572,1.683547854423523
573,1.620544195175171
574,1.7221218347549438
575,1.7125664949417114
576,1.4543367624282837
577,1.7993230819702148
578,1.4879851341247559
579,1.7337453365325928
580,1.4761122465133667
581,1.571367621421814
582,1.584893822669983
583,1.8087069988250732
584,1.6663353443145752
585,1.7743308544158936
586,1.8815780878067017
587,1.643629789352417
588,1.8043586015701294
589,1.5845832824707031
590,1.6735280752182007
591,1.4499632120132446
592,1.6843159198760986
593,1.4740978479385376
594,1.7736045122146606
595,1.754774808883667
596,1.481744408607483
597,1.77628755569458
598,1.52690589427948
599,1.5244790315628052
600,1.53266441822052
601,1.6929906606674194
602,1.5397403240203857
603,1.6371583938598633
604,1.6993464231491089
605,1.6622225046157837
606,1.5087733268737793
607,1.5368694067001343
608,1.4651334285736084
609,2.189331531524658
610,1.5886255502700806
611,1.4427683353424072
612,1.6316628456115723
613,1.56413733959198
614,1.5572028160095215
615,1.7191399335861206
616,1.6819701194763184
617,1.6511194705963135
618,1.6607208251953125
619,1.776409387588501
620,1.5116369724273682
621,1.5512778759002686
622,1.5510597229003906
623,1.8561301231384277
624,1.5779991149902344
625,1.5206830501556396
626,1.6518269777297974
627,1.7976261377334595
628,1.8598954677581787
629,1.7040746212005615
630,1.5137618780136108
631,1.566384196281433
632,1.5275071859359741
633,1.459486484527588
634,1.9066678285598755
635,1.7383195161819458
636,1.9960774183273315
637,1.516477346420288
638,1.9593725204467773
639,1.5519709587097168
640,1.479538917541504
641,1.7295341491699219
642,1.6860055923461914
643,1.447706937789917
644,1.5193099975585938
645,1.5341217517852783
646,1.4398301839828491
647,1.453589916229248
648,1.5062644481658936
649,1.7080638408660889
650,1.6164292097091675
651,1.6921333074569702
652,1.5612332820892334
653,1.750285267829895
654,1.4520275592803955
655,1.638645887374878
656,1.8073478937149048
657,1.6826646327972412
658,1.5631814002990723
659,1.7149713039398193
660,1.4746429920196533
661,1.7139909267425537
662,1.5750255584716797
663,1.7159169912338257
664,1.5495375394821167
665,1.5821341276168823
666,1.4867650270462036
667,1.5154893398284912
668,1.6098586320877075
669,1.5116747617721558
670,1.578020691871643
671,1.5398757457733154
672,1.616316795349121
673,1.6356669664382935
674,1.4828773736953735
675,1.4412983655929565
676,1.5824135541915894
677,1.5695035457611084
678,1.5906219482421875
679,1.6974185705184937
680,1.4957736730575562
681,1.522810697555542
682,1.532012939453125
683,1.8282787799835205
684,1.571300983428955
685,1.5451200008392334
686,1.6923264265060425
687,1.5741366147994995
688,1.4666448831558228
689,1.509455680847168
690,1.7766849994659424
691,1.6156368255615234
692,1.6657246351242065
693,1.4512779712677002
694,1.4984302520751953
695,1.4576728343963623
696,1.9592276811599731
697,1.5980174541473389
698,1.8803231716156006
699,1.6681681871414185
700,1.4937320947647095
701,1.5214736461639404
702,1.5494253635406494
703,1.7076842784881592
704,1.5082833766937256
705,1.8869856595993042
706,1.5145130157470703
707,1.771889567375183
708,1.5239567756652832
709,1.8275490999221802
710,1.4728617668151855
711,1.920403242111206
712,1.5594465732574463
713,1.6140443086624146
714,1.6770097017288208
715,1.589913010597229
716,1.5157155990600586
717,1.7872111797332764
718,1.663808822631836
719,1.782495141029358
720,1.576887607574463
721,1.515571117401123
722,1.5560431480407715
723,1.5351991653442383
724,1.6124993562698364
725,1.6297986507415771
726,1.5737375020980835
727,1.7845432758331299
728,1.473702073097229
729,1.4869695901870728
730,1.67753267288208
731,1.6416702270507812
732,1.657015085220337
733,1.533595323562622
734,1.8665151596069336
735,1.4972481727600098
736,1.4590507745742798
737,1.5034310817718506
738,1.6501816511154175
739,1.4486337900161743
740,1.6245535612106323
741,1.5120742321014404
742,1.539322853088379
743,1.670598030090332
744,1.8435919284820557
745,1.796950101852417
746,1.6550649404525757
747,1.4939740896224976
748,1.7008090019226074
749,1.4575629234313965
750,1.8182607889175415
751,1.6996452808380127
752,1.657808780670166
753,1.5788365602493286
754,1.6301476955413818
755,1.6485004425048828
756,1.7036592960357666
757,1.5313775539398193
758,1.5624620914459229
759,1.4736489057540894
760,1.6382452249526978
761,1.6314826011657715
762,1.4692240953445435
763,1.496759295463562
764,1.5478849411010742
765,1.4384381771087646
766,1.7918485403060913
767,1.792210578918457
768,1.7578953504562378
769,1.6377408504486084
770,1.798028588294983
771,1.6830012798309326
772,1.603392243385315
773,1.6283730268478394
774,1.505861759185791
775,1.477565050125122
776,1.5106942653656006
777,1.4329639673233032
778,1.6588754653930664
779,1.4514389038085938
780,1.56132173538208
781,1.459094524383545
782,1.734151840209961
783,1.6597509384155273
784,1.6535637378692627
785,1.548530101776123
786,1.5599591732025146
787,1.7196687459945679
788,1.4394729137420654
789,1.7811275720596313
790,1.550905466079712
791,1.4531323909759521
792,1.496825933456421
793,1.651800274848938
794,1.9839625358581543
795,1.7013115882873535
796,1.5291619300842285
797,1.4582734107971191
798,1.4554636478424072
799,1.5227954387664795
800,1.6922578811645508
801,1.4946240186691284
802,1.6481965780258179
803,1.6782538890838623
804,1.4439904689788818
805,1.4683901071548462
806,1.55254328250885
807,1.4434692859649658
808,1.4885470867156982
809,1.6310056447982788
810,1.7583527565002441
811,1.4969685077667236
812,1.5294420719146729
813,1.4843723773956299
814,1.5973801612854004
815,1.536698579788208
816,1.5193731784820557
817,1.819392442703247
818,1.518488883972168
819,1.7146062850952148
820,1.4427332878112793
821,1.4982548952102661
822,1.707765817642212
823,1.6799092292785645
824,1.4600290060043335
825,1.4795410633087158
826,1.6796557903289795
827,1.7026028633117676
828,1.5338997840881348
829,1.5694574117660522
830,1.603383183479309
831,1.9256380796432495
832,1.597217321395874
833,1.5325747728347778
834,1.5492585897445679
835,1.8008888959884644
836,1.7276709079742432
837,1.7219021320343018
838,1.5016396045684814
839,1.5853909254074097
840,2.087092638015747
841,2.0263020992279053
842,1.4890226125717163
843,1.7280585765838623
844,1.4434605836868286
845,1.6757702827453613
846,1.5285078287124634
847,1.4810442924499512
848,1.7987395524978638
849,1.6402146816253662
850,1.742687702178955
851,1.4805901050567627
852,1.675124168395996
853,1.9044814109802246
854,1.58734130859375
855,1.5179111957550049
856,1.7506150007247925
857,1.6888813972473145
858,1.4482166767120361
859,1.5126339197158813
860,1.468697428703308
861,1.479522466659546
862,1.568469524383545
863,1.6800488233566284
864,1.585036039352417
865,1.475567102432251
866,1.7981717586517334
867,1.44563627243042
868,1.989827036857605
869,1.4728808403015137
870,1.6520404815673828
871,1.512789249420166
872,1.667798638343811
873,1.767028570175171
874,1.5539484024047852
875,1.5094438791275024
876,1.7959425449371338
877,1.7429993152618408
878,1.526573657989502
879,1.7658601999282837
880,1.5106844902038574
881,1.6792917251586914
882,1.6092908382415771
883,1.4592822790145874
884,1.6155835390090942
885,1.5071470737457275
886,1.673337459564209
887,1.4371528625488281
888,1.446593165397644
889,1.7089980840682983
890,1.5816006660461426
891,1.4784936904907227
892,1.5884546041488647
893,1.5171704292297363
894,1.4957857131958008
895,1.6418046951293945
896,1.8053455352783203
897,1.4396212100982666
898,1.4603352546691895
899,1.432383418083191
900,1.4805574417114258
901,1.5076656341552734
902,1.610168218612671
903,1.502578854560852
904,1.5924404859542847
905,1.610318899154663
906,1.6371245384216309
907,1.548061728477478
908,1.5095428228378296
909,1.9177515506744385
910,1.6954381465911865
911,1.8526179790496826
912,1.538459062576294
913,1.7048118114471436
914,1.4609599113464355
915,1.5879641771316528
916,1.5031325817108154
917,1.5305463075637817
918,1.5520981550216675
919,1.5432157516479492
920,1.4569029808044434
921,1.4829453229904175
922,1.4375619888305664
923,1.7335008382797241
924,1.6530563831329346
925,1.5007719993591309
926,1.5223517417907715
927,1.4616039991378784
928,1.6964633464813232
929,1.5057469606399536
930,1.8777462244033813
931,1.807417869567871
932,1.6887242794036865
933,1.5838310718536377
934,1.4297096729278564
935,1.4337222576141357
936,1.5730040073394775
937,1.7492762804031372
938,1.4849662780761719
939,1.5300400257110596
940,1.4367867708206177
941,1.5381578207015991
942,1.4513232707977295
943,1.5496153831481934
944,1.549567699432373
945,1.501046895980835
946,1.5281963348388672
947,1.5503571033477783
948,1.4607733488082886
949,1.5566271543502808
950,1.525658130645752
951,1.477784276008606
952,1.4542596340179443
953,1.6533656120300293
954,1.470940113067627
955,1.5134520530700684
956,1.5587482452392578
957,1.4373117685317993
958,1.5801546573638916
959,1.951645016670227
960,1.484553337097168
961,1.5433063507080078
962,1.493417739868164
963,1.7277164459228516
964,1.847399115562439
965,1.486061692237854
966,1.4728361368179321
967,1.5474307537078857
968,1.501538872718811
969,1.5692903995513916
970,1.4555604457855225
971,1.5280128717422485
972,1.5017280578613281
973,1.6441621780395508
974,1.4635307788848877
975,1.6880958080291748
976,1.5256977081298828
977,1.4600865840911865
978,1.4688572883605957
979,1.633793592453003
980,1.7095613479614258
981,1.594732403755188
982,1.6381946802139282
983,1.5362133979797363
984,1.4739296436309814
985,1.4492658376693726
986,1.4941611289978027
987,1.4665099382400513
988,1.7372303009033203
989,1.515168309211731
990,1.4599508047103882
991,1.715710163116455
992,1.4856417179107666
993,1.652300477027893
994,1.6650876998901367
995,1.4490458965301514
996,1.608565092086792
997,1.5408188104629517
998,1.5861632823944092
999,1.5999716520309448
1000,1.6545305252075195
1001,1.6951839923858643
1002,1.5200529098510742
1003,1.7533031702041626
1004,1.4895962476730347
1005,1.5469505786895752
1006,1.492398977279663
1007,1.5186868906021118
1008,1.4542251825332642
1009,1.7660508155822754
1010,1.5896415710449219
1011,1.5999903678894043
1012,1.4541347026824951
1013,1.512145757675171
1014,1.4811797142028809
1015,1.6415327787399292
1016,1.5745155811309814
1017,1.6874511241912842
1018,1.4782378673553467
1019,1.5069106817245483
1020,1.4518169164657593
1021,1.8288207054138184
1022,1.8383769989013672
1023,1.6374012231826782
1024,1.4493424892425537
1025,1.5074902772903442
1026,1.6651676893234253
1027,1.5547137260437012
1028,1.5395514965057373
1029,1.5400094985961914
1030,1.4519095420837402
1031,1.477884292602539
1032,1.4353916645050049
1033,1.5169692039489746
1034,1.5622817277908325
1035,1.44992995262146
1036,1.7664715051651
1037,1.6407777070999146
1038,1.56394362449646
1039,1.5989527702331543
1040,1.4312667846679688
1041,1.6106886863708496
1042,1.6316149234771729
1043,1.5838336944580078
1044,1.7574312686920166
1045,1.5497950315475464
1046,1.4892150163650513
1047,1.4377020597457886
1048,1.4969755411148071
1049,1.4620521068572998
1050,1.4466174840927124
1051,1.8089797496795654
1052,1.8731024265289307
1053,1.6762043237686157
1054,1.4383386373519897
1055,1.4781485795974731
1056,1.738325595855713
1057,1.461578369140625
1058,1.6535581350326538
1059,1.533663034439087
1060,1.679502010345459
1061,1.468186855316162
1062,1.447347640991211
1063,1.511847734451294
1064,1.528747797012329
1065,1.8277324438095093
1066,1.6771880388259888
1067,1.445043921470642
1068,1.6353895664215088
1069,1.4541525840759277
1070,1.442499041557312
1071,1.5193257331848145
1072,1.4882642030715942
1073,1.4381414651870728
1074,1.6487705707550049
1075,1.5522565841674805
1076,1.7193217277526855
1077,1.7906990051269531
1078,1.5453137159347534
1079,1.6191076040267944
1080,1.4745409488677979
1081,1.5664573907852173
1082,1.4440281391143799
1083,1.6653916835784912
1084,1.5748631954193115
1085,1.520143747329712
1086,1.5253771543502808
1087,1.8117353916168213
1088,1.565718412399292
1089,1.5525456666946411
1090,1.582375168800354
1091,1.441082239151001
1092,1.492541790008545
1093,1.4666411876678467
1094,1.5617051124572754
1095,1.6653794050216675
1096,1.4400570392608643
1097,1.4615322351455688
1098,1.4896177053451538
1099,1.7479499578475952
1100,1.6352545022964478
1101,1.4663915634155273
1102,1.516215205192566
1103,1.4587966203689575
1104,1.4350581169128418
1105,1.4551141262054443
1106,1.70378577709198
1107,1.4517161846160889
1108,1.7659506797790527
1109,1.6321731805801392
1110,1.5296034812927246
1111,1.564407229423523
1112,1.57570481300354
1113,1.4769622087478638
1114,1.7074339389801025
1115,1.4390318393707275
1116,1.4751546382904053
1117,1.4428551197052002
1118,1.4454686641693115
1119,1.5459351539611816
1120,1.431895136833191
1121,1.4554905891418457
1122,1.449461579322815
1123,1.5228080749511719
1124,1.5317822694778442
1125,1.4844343662261963
1126,1.4341211318969727
1127,1.4750486612319946
1128,1.6765114068984985
1129,1.7351508140563965
1130,1.4553585052490234
1131,1.5236414670944214
1132,1.6870671510696411
1133,1.5621182918548584
1134,1.442356824874878
1135,1.5316287279129028
1136,1.450789213180542
1137,2.0686001777648926
1138,1.5283558368682861
1139,1.495956540107727
1140,1.5273926258087158
1141,1.536073088645935
1142,1.4583652019500732
1143,1.4938864707946777
1144,1.6524462699890137
1145,1.450681447982788
1146,1.444256067276001
1147,1.4390530586242676
1148,1.4496917724609375
1149,1.5631788969039917
1150,1.4499212503433228
1151,1.5765666961669922
1152,1.465714931488037
1153,1.4511996507644653
1154,1.4486193656921387
1155,1.5147351026535034
1156,1.7479801177978516
1157,1.4375531673431396
1158,1.5234702825546265
1159,1.4561654329299927
1160,1.4371055364608765
1161,1.451744556427002
1162,1.5572866201400757
1163,1.7591605186462402
1164,1.4417593479156494
1165,1.6655043363571167
1166,1.4281057119369507
1167,1.5247066020965576
1168,1.5356724262237549
1169,1.4915450811386108
1170,1.5019677877426147
1171,1.4818007946014404
1172,1.713249683380127
1173,1.6251055002212524
1174,1.7582281827926636
1175,1.5867457389831543
1176,1.5250427722930908
1177,1.4655603170394897
1178,1.7595821619033813
1179,1.5741910934448242
1180,1.593596339225769
1181,1.4837629795074463
1182,1.46006178855896
1183,1.7233697175979614
1184,1.4423612356185913
1185,1.5093871355056763
1186,1.4423226118087769
1187,1.4714455604553223
1188,1.474870204925537
1189,1.553900122642517
1190,1.4668924808502197
1191,1.5583592653274536
1192,1.6727001667022705
1193,1.909132480621338
1194,1.7818903923034668
1195,1.4540561437606812
1196,1.564837098121643
1197,1.5290359258651733
1198,1.5780476331710815
1199,1.5003721714019775
1200,1.4698070287704468
1201,1.6296250820159912
1202,1.4522435665130615
1203,1.507016897201538
1204,1.4447886943817139
1205,1.441678524017334
1206,1.6000944375991821
1207,1.6371015310287476
1208,1.9253872632980347
1209,1.5285251140594482
1210,1.5565450191497803
1211,1.8528742790222168
1212,1.5878764390945435
1213,1.4528080224990845
1214,1.518005609512329
1215,1.4421584606170654
1216,1.5020084381103516
1217,1.5332722663879395
1218,1.504432201385498
1219,1.4286959171295166
1220,1.4626339673995972
1221,1.5178741216659546
1222,1.5470420122146606
1223,1.4508397579193115
1224,1.4703975915908813
1225,1.639762282371521
1226,1.4988651275634766
1227,1.625854253768921
1228,1.5419561862945557
1229,1.5140976905822754
1230,1.5161607265472412
1231,1.5001894235610962
1232,1.4612985849380493
1233,1.4507746696472168
1234,1.5824271440505981
1235,1.5689163208007812
1236,1.493330717086792
1237,1.485076904296875
1238,1.773289442062378
1239,1.4384937286376953
1240,1.4495282173156738
1241,1.4504966735839844
1242,1.5463390350341797
1243,1.5024442672729492
1244,1.6317603588104248
1245,1.5271997451782227
1246,1.5284249782562256
1247,1.5056300163269043
1248,1.5390371084213257
1249,1.6781206130981445
1250,1.6526228189468384
1251,1.4470583200454712
1252,1.7279226779937744
1253,1.4631915092468262
1254,1.5337755680084229
1255,1.5306053161621094
1256,1.6594046354293823
1257,1.5238137245178223
1258,1.7740066051483154
1259,1.5349427461624146
1260,1.5070687532424927
1261,1.4767348766326904
1262,1.4244478940963745
1263,1.4501609802246094
1264,1.4639166593551636
1265,1.4673715829849243
1266,1.4872007369995117
1267,1.518829345703125
1268,1.6056327819824219
1269,1.4447274208068848
1270,1.5718380212783813
1271,1.57951021194458
1272,1.4372411966323853
1273,1.4345455169677734
1274,1.4933863878250122
1275,1.4979408979415894
1276,1.4544953107833862
1277,1.4683502912521362
1278,1.5309007167816162
1279,1.4620742797851562
1280,1.4648983478546143
1281,1.4580808877944946
1282,1.4977666139602661
1283,1.5599558353424072
1284,1.43537175655365
1285,1.5940062999725342
1286,1.5174816846847534
1287,1.5553792715072632
1288,1.4564857482910156
1289,1.6221489906311035
1290,1.7485731840133667
1291,1.49758780002594
1292,1.730492353439331
1293,1.4807758331298828
1294,1.719712495803833
1295,1.4786702394485474
1296,1.442949891090393
1297,1.4553251266479492
1298,1.440578818321228
1299,1.822519063949585
1300,1.4684127569198608
1301,1.5151848793029785
1302,1.4462990760803223
1303,1.517289400100708
1304,1.540526032447815
1305,1.5810835361480713
1306,1.4303512573242188
1307,1.4857654571533203
1308,1.5476949214935303
1309,1.574432373046875
1310,1.4701372385025024
1311,1.7477442026138306
1312,1.4469351768493652
1313,1.7518305778503418
1314,1.4506258964538574
1315,1.457620620727539
1316,1.4359033107757568
1317,1.6501810550689697
1318,1.4330542087554932
1319,1.524361252784729
1320,1.5399372577667236
1321,1.4362963438034058
1322,1.472974181175232
1323,1.5171473026275635
1324,1.4662830829620361
1325,1.6594610214233398
1326,1.4417859315872192
1327,1.459031343460083
1328,1.4512569904327393
1329,1.4303380250930786
1330,1.633634328842163
1331,1.4696362018585205
1332,1.479354739189148
1333,1.4879813194274902
1334,1.5632010698318481
1335,1.4893509149551392
1336,1.470081090927124
1337,1.451380968093872
1338,1.478927493095398
1339,1.5148696899414062
1340,1.4262131452560425
1341,1.4591447114944458
1342,1.4783707857131958
1343,1.4969229698181152
1344,1.4585316181182861
1345,1.6898213624954224
1346,1.4565266370773315
1347,1.6247658729553223
1348,1.6647653579711914
1349,1.574849247932434
1350,1.7339249849319458
1351,1.4345511198043823
1352,1.4478830099105835
1353,1.4639496803283691
1354,1.4562418460845947
1355,1.4819080829620361
1356,1.4319136142730713
1357,1.722127079963684
1358,1.5831222534179688
1359,1.4312971830368042
1360,1.7337929010391235
1361,1.5118176937103271
1362,1.4706465005874634
1363,1.6300278902053833
1364,1.4839823246002197
1365,1.4895026683807373
1366,1.4510657787322998
1367,1.4409048557281494
1368,1.5387321710586548
1369,1.4740326404571533
1370,1.775925874710083
1371,1.6934205293655396
1372,1.4976775646209717
1373,1.4965300559997559
1374,1.7466859817504883
1375,1.4583662748336792
1376,1.5076169967651367
1377,1.515221357345581
1378,1.7090222835540771
1379,1.4361141920089722
1380,1.5069793462753296
1381,1.6524810791015625
1382,1.4635604619979858
1383,1.5004901885986328
1384,1.47921621799469
1385,1.6032423973083496
1386,1.6320173740386963
1387,1.4292373657226562
1388,1.8693618774414062
1389,1.4743492603302002
1390,1.4484357833862305
1391,1.8509457111358643
1392,1.4339463710784912
1393,1.5683369636535645
1394,1.4329384565353394
1395,1.4729136228561401
1396,1.4454176425933838
1397,1.6057878732681274
1398,1.768889307975769
1399,1.5227711200714111
1400,1.4750440120697021
1401,1.546102523803711
1402,1.6515040397644043
1403,1.8528269529342651
1404,1.4974173307418823
1405,1.5937317609786987
1406,2.004321336746216
1407,1.5418663024902344
1408,1.6567142009735107
1409,1.462274193763733
1410,1.4327342510223389
1411,1.4395442008972168
1412,1.4366263151168823
1413,1.4743059873580933
1414,1.4570355415344238
1415,1.4907779693603516
1416,1.4606521129608154
1417,1.8259634971618652
1418,1.4784965515136719
1419,1.5175114870071411
1420,1.4275890588760376
1421,1.6298730373382568
1422,1.4579886198043823
1423,1.4793941974639893
1424,1.738221287727356
1425,1.4844666719436646
1426,1.4503005743026733
1427,1.4423879384994507
1428,1.50038480758667
1429,1.5346031188964844
1430,1.4576956033706665
1431,1.4320017099380493
1432,1.4473845958709717
1433,1.5122528076171875
1434,1.454674243927002
1435,1.4965510368347168
1436,1.4807965755462646
1437,1.5042238235473633
1438,1.4761512279510498
1439,1.669693946838379
1440,1.4475005865097046
1441,1.455843210220337
1442,1.4408894777297974
1443,1.5170581340789795
1444,1.4994734525680542
1445,1.4610182046890259
1446,1.5051994323730469
1447,1.4773776531219482
1448,1.4457229375839233
1449,1.4556150436401367
1450,1.6027592420578003
1451,1.6446980237960815
1452,1.4514095783233643
1453,1.4495161771774292
1454,1.4585338830947876
1455,1.4776936769485474
1456,1.703626275062561
1457,1.4468979835510254
1458,1.4701242446899414
1459,1.4563026428222656
1460,1.4457993507385254
1461,1.5038012266159058
1462,1.4330271482467651
1463,1.4408053159713745
1464,1.4566929340362549
1465,1.428382158279419
1466,1.433323860168457
1467,1.4571256637573242
1468,1.6900787353515625
1469,1.676652193069458
1470,1.4263222217559814
1471,1.4716436862945557
1472,1.6835821866989136
1473,1.5510351657867432
1474,1.4472503662109375
1475,1.658493995666504
1476,1.6252236366271973
1477,1.4976022243499756
1478,1.4274749755859375
1479,1.5535482168197632
1480,1.760695219039917
1481,1.7506051063537598
1482,1.7073943614959717
1483,1.4566972255706787
1484,1.556678295135498
1485,1.4252787828445435
1486,1.6212904453277588
1487,1.444890022277832
1488,1.4994418621063232
1489,1.4465041160583496
1490,1.4311856031417847
1491,1.887877345085144
1492,1.4368634223937988
1493,1.4749786853790283
1494,1.463326334953308
1495,1.5267422199249268
1496,1.4839835166931152
1497,1.6012924909591675
1498,1.4410649538040161
1499,1.4442470073699951
1500,1.4597660303115845
1501,1.5194025039672852
1502,1.7097243070602417
1503,1.517890453338623
1504,1.5110589265823364
1505,1.5382986068725586
1506,1.769112467765808
1507,1.4826464653015137
1508,1.6495177745819092
1509,1.6317205429077148
1510,1.4927278757095337
1511,1.5195317268371582
1512,1.5566949844360352
1513,1.5570545196533203
1514,1.5653668642044067
1515,1.7121014595031738
1516,1.6828479766845703
1517,1.787796974182129
1518,1.4425609111785889
1519,1.4594851732254028
1520,1.5606510639190674
1521,1.4871362447738647
1522,1.5478277206420898
1523,1.717514157295227
1524,1.6172345876693726
1525,1.4970438480377197
1526,1.5054972171783447
1527,1.540123462677002
1528,1.705609917640686
1529,1.4815317392349243
1530,1.523363709449768
1531,1.477156639099121
1532,1.5038542747497559
1533,1.5556341409683228
1534,1.506011724472046
1535,1.6288758516311646
1536,1.5357931852340698
1537,1.6244289875030518
1538,1.4463542699813843
1539,1.4500560760498047
1540,1.4999682903289795
1541,1.4513323307037354
1542,1.456883430480957
1543,1.725864291191101
1544,1.5607099533081055
1545,1.4824435710906982
1546,1.4452486038208008
1547,1.4334428310394287
1548,1.4284539222717285
1549,1.5356370210647583
1550,1.5470131635665894
1551,1.4385745525360107
1552,1.4390701055526733
1553,1.4888474941253662
1554,1.4517298936843872
1555,1.4683620929718018
1556,1.4317318201065063
1557,1.4881447553634644
1558,1.4944449663162231
1559,1.4439135789871216
1560,1.54537034034729
1561,1.8130486011505127
1562,1.4320971965789795
1563,1.4486783742904663
1564,1.574211597442627
1565,1.4625420570373535
1566,1.4243932962417603
1567,1.429286241531372
1568,1.4397673606872559
1569,1.7059688568115234
1570,1.6466219425201416
1571,1.5066418647766113
1572,1.4503467082977295
1573,1.6202824115753174
1574,1.5222175121307373
1575,1.510308861732483
1576,1.670572280883789
1577,1.4380227327346802
1578,1.4770808219909668
1579,1.5117006301879883
1580,1.5588629245758057
1581,1.4661774635314941
1582,1.4487895965576172
1583,1.4312515258789062
1584,1.5041794776916504
1585,1.553898811340332
1586,1.7343003749847412
1587,1.489304542541504
1588,1.6825677156448364
1589,1.5091475248336792
1590,1.462470293045044
1591,1.4283756017684937
1592,1.4464651346206665
1593,1.5471370220184326
1594,1.6708182096481323
1595,1.5293669700622559
1596,1.4815551042556763
1597,1.4829871654510498
1598,1.438462734222412
1599,1.519215703010559
1600,1.4296467304229736
1601,1.442396640777588
1602,1.4703673124313354
1603,1.703905701637268
1604,1.4394145011901855
1605,1.5771828889846802
1606,1.4319978952407837
1607,1.4462008476257324
1608,1.4890596866607666
1609,1.4311697483062744
1610,1.615537405014038
1611,1.5184149742126465
1612,1.4562474489212036
1613,1.7109222412109375
1614,1.4406325817108154
1615,1.460817813873291
1616,1.521416425704956
1617,1.5645067691802979
1618,1.6971782445907593
1619,1.4316177368164062
1620,1.4326958656311035
1621,1.4541679620742798
1622,1.5066909790039062
1623,1.6076158285140991
1624,1.4422187805175781
1625,1.8761307001113892
1626,1.8837677240371704
1627,1.688675045967102
1628,1.7081161737442017
1629,1.5719667673110962
1630,1.5688461065292358
1631,1.4389336109161377
1632,1.694340705871582
1633,1.4352526664733887
1634,1.4422266483306885
1635,1.5113593339920044
1636,1.6723865270614624
1637,1.45078706741333
1638,1.447821855545044
1639,1.7106213569641113
1640,1.5939481258392334
1641,1.461220145225525
1642,1.5340492725372314
1643,1.7103182077407837
1644,1.4607189893722534
1645,1.4918575286865234
1646,1.4680697917938232
1647,1.4791040420532227
1648,1.447788953781128
1649,1.6009533405303955
1650,1.5551739931106567
1651,1.4686272144317627
1652,1.492992639541626
1653,1.5794039964675903
1654,1.4797310829162598
1655,1.5241143703460693
1656,1.5294544696807861
1657,1.4919553995132446
1658,1.4628334045410156
1659,1.4789763689041138
1660,1.4815185070037842
1661,1.4509284496307373
1662,1.4570890665054321
1663,1.5234172344207764
1664,1.4661128520965576
1665,1.4923821687698364
1666,1.466163158416748
1667,1.4312087297439575
1668,1.6048023700714111
1669,1.5606505870819092
1670,1.4977394342422485
1671,1.5403642654418945
1672,1.5345700979232788
1673,1.5348396301269531
1674,1.4425084590911865
1675,1.639883279800415
1676,1.5195927619934082
1677,1.4551026821136475
1678,1.430912971496582
1679,1.9465086460113525
1680,1.4408632516860962
1681,1.4534852504730225
1682,1.439116358757019
1683,1.431007981300354
1684,1.721428632736206
1685,1.4739353656768799
1686,1.4508719444274902
1687,1.4648038148880005
1688,1.4271677732467651
1689,1.6245951652526855
1690,1.4329383373260498
1691,1.5830588340759277
1692,1.4364184141159058
1693,1.4726810455322266
1694,1.4266536235809326
1695,1.4733368158340454
1696,1.6311440467834473
1697,1.9179909229278564
1698,1.4443912506103516
1699,1.4555974006652832
1700,1.5214396715164185
1701,1.5511137247085571
1702,1.7404447793960571
1703,1.573441505432129
1704,1.4907376766204834
1705,1.451948642730713
1706,1.478022813796997
1707,1.484604835510254
1708,1.7270736694335938
1709,1.547849416732788
1710,1.4672483205795288
1711,1.4393304586410522
1712,1.4476193189620972
1713,1.575317144393921
1714,1.4696569442749023
1715,1.4890694618225098
1716,1.5221576690673828
1717,1.4365160465240479
1718,1.4645302295684814
1719,1.6011892557144165
1720,1.4438875913619995
1721,1.4620248079299927
1722,1.5041438341140747
1723,1.4552404880523682
1724,1.5101258754730225
1725,1.476982831954956
1726,1.4323935508728027
1727,1.4396263360977173
1728,1.7058171033859253
1729,1.43515145778656
1730,1.4268505573272705
1731,1.6125808954238892
1732,1.437544584274292
1733,1.4420297145843506
1734,1.526606798171997
1735,1.4480499029159546
1736,1.500128984451294
1737,1.4432604312896729
1738,1.980315923690796
1739,1.6819063425064087
1740,1.5313738584518433
1741,1.6218492984771729
1742,1.7128127813339233
1743,1.7099641561508179
1744,1.7016687393188477
1745,1.4282641410827637
1746,1.4734944105148315
1747,1.5076606273651123
1748,1.4459198713302612
1749,1.4843764305114746
1750,1.4357270002365112
1751,1.535404920578003
1752,1.4549331665039062
1753,1.4748460054397583
1754,1.4391186237335205
1755,1.5025522708892822
1756,1.4981850385665894
1757,1.4299464225769043
1758,1.5370155572891235
1759,1.6289236545562744
1760,1.5477921962738037
1761,1.5925101041793823
1762,1.4491738080978394
1763,1.4430361986160278
1764,1.4845608472824097
1765,1.5374010801315308
1766,1.6503491401672363
1767,1.467078685760498
1768,1.4692330360412598
1769,1.802706241607666
1770,1.4780387878417969
1771,1.6247254610061646
1772,1.5251610279083252
1773,1.6876140832901
1774,1.7074540853500366
1775,1.435281753540039
1776,1.5050172805786133
1777,1.706753134727478
1778,1.4400006532669067
1779,1.4704355001449585
1780,1.4253472089767456
1781,1.6084718704223633
1782,1.7904338836669922
1783,1.494781732559204
1784,1.4438645839691162
1785,1.4602729082107544
1786,1.4269342422485352
1787,1.4776265621185303
1788,1.4602067470550537
1789,1.5659642219543457
1790,1.4487354755401611
1791,1.5738043785095215
1792,1.661575198173523
1793,1.534929633140564
1794,1.462371587753296
1795,1.6003988981246948
1796,1.524510383605957
1797,1.4394985437393188
1798,1.5723944902420044
1799,1.437520980834961
1800,1.6720657348632812
1801,1.4490119218826294
1802,1.4382038116455078
1803,1.4503262042999268
1804,1.5186529159545898
1805,1.4674142599105835
1806,1.6783424615859985
1807,1.440692663192749
1808,1.669606328010559
1809,1.928120732307434
1810,1.539563775062561
1811,1.4285166263580322
1812,1.6179792881011963
1813,1.5981652736663818
1814,1.4353861808776855
1815,1.4650579690933228
1816,1.4280362129211426
1817,1.4241811037063599
1818,1.495474934577942
1819,1.4332250356674194
1820,1.5535719394683838
1821,1.5420007705688477
1822,1.4813563823699951
1823,1.473608136177063
1824,1.455885887145996
1825,1.441749095916748
1826,1.5708069801330566
1827,1.4476919174194336
1828,1.471010446548462
1829,1.4318807125091553
1830,1.8568743467330933
1831,1.4722681045532227
1832,1.5273746252059937
1833,1.6385244131088257
1834,1.852571964263916
1835,1.5497841835021973
1836,1.450850486755371
1837,1.4645369052886963
1838,1.9114165306091309
1839,1.5301082134246826
1840,1.4356656074523926
1841,1.4917473793029785
1842,1.4313995838165283
1843,1.447040319442749
1844,1.4544299840927124
1845,1.4274404048919678
1846,1.7702155113220215
1847,1.7579617500305176
1848,1.5398404598236084
1849,1.4627960920333862
1850,1.5029916763305664
1851,1.5347440242767334
1852,1.4718104600906372
1853,1.6443930864334106
1854,1.4260674715042114
1855,1.436158299446106
1856,1.4561687707901
1857,1.5514001846313477
1858,1.4282559156417847
1859,1.6753393411636353
1860,1.48905348777771
1861,1.5359086990356445
1862,1.5576002597808838
1863,1.480586290359497
1864,1.6156338453292847
1865,1.4352883100509644
1866,1.595199704170227
1867,1.5080246925354004
1868,1.5863136053085327
1869,1.428687572479248
1870,1.4908256530761719
1871,1.4439868927001953
1872,1.5454845428466797
1873,1.5075446367263794
1874,1.4843246936798096
1875,1.4511932134628296
1876,1.466953992843628
1877,1.501111388206482
1878,1.4941627979278564
1879,1.4391615390777588
1880,1.4826289415359497
1881,1.4333176612854004
1882,1.4884920120239258
1883,1.4643726348876953
1884,1.4586389064788818
1885,1.4399843215942383
1886,1.5447032451629639
1887,1.4885444641113281
1888,1.4456300735473633
1889,1.6199336051940918
1890,1.6836717128753662
1891,1.4563466310501099
1892,1.432679533958435
1893,1.437670111656189
1894,1.485097885131836
1895,1.4291315078735352
1896,1.438482403755188
1897,1.5726876258850098
1898,1.4835880994796753
1899,1.7443073987960815
1900,1.4492994546890259
1901,1.5871652364730835
1902,1.464655876159668
1903,1.744222640991211
1904,1.5090173482894897
1905,1.4555926322937012
1906,1.4501893520355225
1907,1.4701242446899414
1908,1.4666763544082642
1909,1.5332958698272705
1910,1.4436841011047363
1911,1.7833569049835205
1912,1.4875093698501587
1913,1.4595253467559814
1914,1.4643882513046265
1915,1.4922819137573242
1916,1.907029151916504
1917,1.5673662424087524
1918,1.4844605922698975
1919,1.6475993394851685
1920,1.4397578239440918
1921,1.4590266942977905
1922,1.491573452949524
1923,1.428272008895874
1924,1.473189115524292
1925,1.4780067205429077
1926,1.444000482559204
1927,1.5405843257904053
1928,1.4531306028366089
1929,1.707574486732483
1930,1.6271618604660034
1931,1.5121047496795654
1932,1.4255316257476807
1933,1.4273648262023926
1934,1.5165261030197144
1935,1.437270164489746
1936,1.5619611740112305
1937,1.4289255142211914
1938,1.466261625289917
1939,1.692992925643921
1940,1.5546060800552368
1941,1.555780291557312
1942,1.5201921463012695
1943,1.4259033203125
1944,1.4632434844970703
1945,1.462167739868164
1946,1.6263811588287354
1947,1.4506734609603882
1948,1.494281530380249
1949,1.555166244506836
1950,1.4340612888336182
1951,1.516056776046753
1952,1.4683115482330322
1953,1.460834264755249
1954,1.6427791118621826
1955,1.4349561929702759
1956,1.4643011093139648
1957,1.5398764610290527
1958,1.4539330005645752
1959,1.5835567712783813
1960,1.4299920797348022
1961,1.558958888053894
1962,1.4970072507858276
1963,1.6691505908966064
1964,1.473550796508789
1965,1.670700192451477
1966,1.7106642723083496
1967,1.6077890396118164
1968,1.5596941709518433
1969,1.4776054620742798
1970,1.461645245552063
1971,1.5735653638839722
1972,1.5556360483169556
1973,1.4698083400726318
1974,1.4254138469696045
1975,1.4261934757232666
1976,1.4538391828536987
1977,1.4679921865463257
1978,1.4432039260864258
1979,1.5903959274291992
1980,1.539929986000061
1981,1.5332306623458862
1982,1.8156287670135498
1983,1.4883161783218384
1984,1.61177659034729
1985,1.5074543952941895
1986,1.4983410835266113
1987,1.463631510734558
1988,1.436689019203186
1989,1.5221173763275146
1990,1.4465893507003784
1991,1.6149394512176514
1992,1.540956735610962
1993,1.6163790225982666
1994,1.4252920150756836
1995,1.6739871501922607
1996,1.445412516593933
1997,1.4486311674118042
1998,1.6675721406936646
1999,1.6329154968261719
2000,1.8207495212554932
2001,1.4535346031188965
2002,1.488984227180481
2003,1.4744147062301636
2004,1.537512183189392
2005,1.4777371883392334
2006,1.4930272102355957
2007,1.4518096446990967
2008,1.5380198955535889
2009,1.5406476259231567
2010,1.4862879514694214
2011,1.4327430725097656
2012,1.5202088356018066
2013,1.455040693283081
2014,1.469971776008606
2015,1.5949182510375977
2016,1.6254066228866577
2017,1.4582828283309937
2018,1.5284532308578491
2019,1.4919497966766357
2020,1.4380741119384766
2021,1.484947919845581
2022,1.5168266296386719
2023,1.4693266153335571
2024,1.6071912050247192
2025,1.4834489822387695
2026,1.4457099437713623
2027,1.466120719909668
2028,1.4262182712554932
2029,1.5149551630020142
2030,1.6378058195114136
2031,1.5633505582809448
2032,1.637008547782898
2033,1.4989030361175537
2034,1.4448306560516357
2035,1.4603352546691895
2036,1.7562236785888672
2037,1.4356696605682373
2038,1.5237445831298828
2039,1.4366400241851807
2040,1.425553560256958
2041,1.4611568450927734
2042,1.5574066638946533
2043,1.439767837524414
2044,1.4555083513259888
2045,1.4506981372833252
2046,1.4607757329940796
2047,1.4512014389038086
2048,1.5291327238082886
2049,1.8039618730545044
2050,1.6344704627990723
2051,1.4341449737548828
2052,1.5529484748840332
2053,1.5914937257766724
2054,1.5005762577056885
2055,1.6605476140975952
2056,1.4273161888122559
2057,1.4709430932998657
2058,1.470921516418457
2059,1.5841983556747437
2060,1.5095326900482178
2061,1.7449864149093628
2062,1.4340486526489258
2063,1.5291738510131836
2064,1.4491784572601318
2065,1.5122084617614746
2066,1.5937299728393555
2067,1.4451872110366821
2068,1.4313437938690186
2069,1.5511261224746704
2070,1.491826057434082
2071,1.5223236083984375
2072,1.7233912944793701
2073,1.4333760738372803
2074,1.6249669790267944
2075,1.445778727531433
2076,1.5434077978134155
2077,1.491549015045166
2078,1.5807782411575317
2079,1.4352178573608398
2080,1.4852293729782104
2081,1.4420137405395508
2082,1.431298017501831
2083,1.5212912559509277
2084,1.5049470663070679
2085,1.6314386129379272
2086,1.4286987781524658
2087,1.7041290998458862
2088,1.5304855108261108
2089,1.4516704082489014
2090,1.4374648332595825
2091,1.479763388633728
2092,1.6481459140777588
2093,1.4896020889282227
2094,1.5549837350845337
2095,1.7791391611099243
2096,1.4451628923416138
2097,1.4560518264770508
2098,1.448679804801941
2099,1.572702407836914
2100,1.4988220930099487
2101,1.778935194015503
2102,1.5444121360778809
2103,1.4454741477966309
2104,1.5736417770385742
2105,1.5255370140075684
2106,1.6012065410614014
2107,1.4240877628326416
2108,1.4382516145706177
2109,1.4265539646148682
2110,1.4400922060012817
2111,1.4388723373413086
2112,1.4943206310272217
2113,1.5095558166503906
2114,1.5169720649719238
2115,1.4777650833129883
2116,1.4535369873046875
2117,1.6062862873077393
2118,1.4360074996948242
2119,1.4270637035369873
2120,1.4598820209503174
2121,1.551182746887207
2122,1.4456968307495117
2123,1.4470081329345703
2124,1.4568617343902588
2125,1.5450490713119507
2126,1.4434317350387573
2127,1.5375945568084717
2128,1.447279691696167
2129,1.456873893737793
2130,1.6207420825958252
2131,1.5283575057983398
2132,1.4728394746780396
2133,1.465318202972412
2134,1.4830490350723267
2135,1.7482565641403198
2136,1.6095385551452637
2137,1.4423096179962158
2138,1.444929838180542
2139,1.478816032409668
2140,1.4737415313720703
2141,1.432868242263794
2142,1.434326410293579
2143,1.4404737949371338
2144,1.5357469320297241
2145,1.4577555656433105
2146,1.4425342082977295
2147,1.487525463104248
2148,1.459629774093628
2149,1.4544215202331543
2150,1.483217477798462
2151,1.7312175035476685
2152,2.053971290588379
2153,1.4455033540725708
2154,1.459357738494873
2155,1.429858684539795
2156,1.864993691444397
2157,1.455640196800232
2158,1.447351098060608
2159,1.4661355018615723
2160,1.6179368495941162
2161,1.4400122165679932
2162,1.4540162086486816
2163,1.446037769317627
2164,1.4291882514953613
2165,1.4267551898956299
2166,1.4310225248336792
2167,1.6196781396865845
2168,1.503869891166687
2169,1.5266013145446777
2170,1.469282865524292
2171,1.4254376888275146
2172,1.4718815088272095
2173,1.4479554891586304
2174,1.4344919919967651
2175,1.6315240859985352
2176,1.4365655183792114
2177,1.4730111360549927
2178,1.4253356456756592
2179,1.4625036716461182
2180,1.5567474365234375
2181,1.430665135383606
2182,1.435211181640625
2183,1.4514970779418945
2184,1.6487557888031006
2185,1.4389076232910156
2186,1.4472506046295166
2187,1.4308007955551147
2188,1.4526251554489136
2189,1.445565104484558
2190,1.484607219696045
2191,1.4528183937072754
2192,1.4306851625442505
2193,1.4461135864257812
2194,1.555802822113037
2195,1.4263283014297485
2196,1.4929721355438232
2197,1.5155417919158936
2198,1.4321389198303223
2199,1.4893221855163574
2200,1.4849560260772705
2201,1.4459232091903687
2202,1.521822452545166
2203,1.4267302751541138
2204,1.4781734943389893
2205,1.432701826095581
2206,1.4338231086730957
2207,1.6910781860351562
2208,1.4245870113372803
2209,1.436201572418213
2210,1.4361830949783325
2211,1.428336262702942
2212,1.5342917442321777
2213,1.4272994995117188
2214,1.5241390466690063
2215,1.532196044921875
2216,1.6722187995910645
2217,1.4312429428100586
2218,1.4269328117370605
2219,1.447566270828247
2220,1.627585768699646
2221,1.4290491342544556
2222,1.465105414390564
2223,1.5041239261627197
2224,1.4581074714660645
2225,1.4395098686218262
2226,1.5771244764328003
2227,1.6766642332077026
2228,1.5142302513122559
2229,1.5417954921722412
2230,1.4389138221740723
2231,1.6912742853164673
2232,1.4443695545196533
2233,1.4293112754821777
2234,1.437256097793579
2235,1.4597194194793701
2236,1.5942991971969604
2237,1.7157548666000366
2238,1.426969051361084
2239,1.5113654136657715
2240,1.4341325759887695
2241,1.4484995603561401
2242,1.444358468055725
2243,1.5291075706481934
2244,1.4335769414901733
2245,1.718930721282959
2246,1.5084480047225952
2247,1.4336652755737305
2248,1.4842426776885986
2249,1.7379106283187866
2250,1.4298739433288574
2251,1.6431928873062134
2252,1.4300485849380493
2253,1.639845371246338
2254,1.4368956089019775
2255,1.4968819618225098
2256,1.5003775358200073
2257,1.4291536808013916
2258,1.4394184350967407
2259,1.5189454555511475
2260,1.517126441001892
2261,1.4331865310668945
2262,1.637462854385376
2263,1.4445836544036865
2264,1.528486967086792
2265,1.4312572479248047
2266,1.4904308319091797
2267,1.4362566471099854
2268,1.4271295070648193
2269,1.4553605318069458
2270,1.4344549179077148
2271,1.469997763633728
2272,1.5232479572296143
2273,1.4415686130523682
2274,1.468047857284546
2275,1.4445655345916748
2276,1.4280433654785156
2277,1.6606900691986084
2278,1.5075678825378418
2279,1.5119038820266724
2280,1.44834566116333
2281,1.430293083190918
2282,1.4867708683013916
2283,1.5837860107421875
2284,1.7573310136795044
2285,1.4390385150909424
2286,1.5954744815826416
2287,1.5523285865783691
2288,1.4334336519241333
2289,1.4421945810317993
2290,1.4353582859039307
2291,1.5152013301849365
2292,1.4318997859954834
2293,1.5912061929702759
2294,1.4730015993118286
2295,1.453417420387268
2296,1.66853666305542
2297,1.578209638595581
2298,1.4481934309005737
2299,1.4520924091339111
2300,1.520233392715454
2301,1.6848030090332031
2302,1.575387954711914
2303,1.4345558881759644
2304,1.5457223653793335
2305,1.4821423292160034
2306,1.6779849529266357
2307,1.8307796716690063
2308,1.4985253810882568
2309,1.6297965049743652
2310,1.453347086906433
2311,1.4255870580673218
2312,1.5188169479370117
2313,1.5650359392166138
2314,1.538903832435608
2315,1.561120629310608
2316,1.4537547826766968
2317,1.4623997211456299
2318,1.458327293395996
2319,1.458475112915039
2320,1.4395818710327148
2321,1.4568102359771729
2322,1.4355661869049072
2323,1.5401620864868164
2324,1.4560846090316772
2325,1.6392734050750732
2326,1.632989764213562
2327,1.5419504642486572
2328,1.8271256685256958
2329,1.8298081159591675
2330,1.4623281955718994
2331,1.4290354251861572
2332,1.4500701427459717
2333,1.5178643465042114
2334,1.444369912147522
2335,1.4359631538391113
2336,1.5306906700134277
2337,1.5364940166473389
2338,1.488419771194458
2339,1.463829755783081
2340,1.508121132850647
2341,1.430025577545166
2342,1.4867916107177734
2343,1.431772232055664
2344,1.4447990655899048
2345,1.5112860202789307
2346,1.495794653892517
2347,1.4860239028930664
2348,1.4356926679611206
2349,1.6526176929473877
2350,1.43788480758667
2351,1.4509093761444092
2352,1.4388298988342285
2353,1.4405345916748047
2354,1.4775292873382568
2355,1.4593414068222046
2356,1.4439303874969482
2357,1.608515739440918
2358,1.435800313949585
2359,1.4377353191375732
2360,1.4318037033081055
2361,1.4317641258239746
2362,1.7932809591293335
2363,1.435741662979126
2364,1.477874755859375
2365,1.616347312927246
2366,1.4929287433624268
2367,1.4277243614196777
2368,1.6387531757354736
2369,1.5059664249420166
2370,1.7633283138275146
2371,1.4321608543395996
2372,1.7240092754364014
2373,1.430067777633667
2374,1.5184801816940308
2375,1.4322845935821533
2376,1.4465934038162231
2377,1.4875638484954834
2378,1.4576516151428223
2379,1.4583189487457275
2380,1.4503862857818604
2381,1.4404866695404053
2382,1.4601726531982422
2383,1.4411448240280151
2384,1.4690110683441162
2385,1.5737996101379395
2386,1.4784083366394043
2387,1.4375051259994507
2388,1.4326674938201904
2389,1.4464526176452637
2390,1.439455270767212
2391,1.595676302909851
2392,1.4283133745193481
2393,1.4428701400756836
2394,1.715341329574585
2395,1.7933088541030884
2396,1.4890086650848389
2397,1.446693778038025
2398,1.6634129285812378
2399,1.4328707456588745
2400,1.5870132446289062
2401,1.4412518739700317
2402,1.4340052604675293
2403,1.5668737888336182
2404,1.4668406248092651
2405,1.4579617977142334
2406,1.5527944564819336
2407,1.4562855958938599
2408,1.4316655397415161
2409,1.6752521991729736
2410,1.4455859661102295
2411,1.5365513563156128
2412,1.4956752061843872
2413,1.6660970449447632
2414,1.453669786453247
2415,1.4487090110778809
2416,1.661080002784729
2417,1.431687593460083
2418,1.55120849609375
2419,1.5045156478881836
2420,1.4311130046844482
2421,1.6031124591827393
2422,1.4780198335647583
2423,1.465088963508606
2424,1.606781005859375
2425,1.4295763969421387
2426,1.5063908100128174
2427,1.4602038860321045
2428,1.4384729862213135
2429,1.5577850341796875
2430,1.4660885334014893
2431,1.595855951309204
2432,1.5411152839660645
2433,1.4308931827545166
2434,1.4697825908660889
2435,1.5287816524505615
2436,1.4552664756774902
2437,1.4677406549453735
2438,1.4778691530227661
2439,1.4401452541351318
2440,1.4331810474395752
2441,1.6212351322174072
2442,1.5074262619018555
2443,1.6801022291183472
2444,1.4405910968780518
2445,1.4478288888931274
2446,1.4322689771652222
2447,1.4477672576904297
2448,1.4502061605453491
2449,1.4376869201660156
2450,1.4351603984832764
2451,1.6437219381332397
2452,1.460739254951477
2453,1.5988702774047852
2454,1.445932149887085
2455,1.5754756927490234
2456,1.443387508392334
2457,1.4540565013885498
2458,1.47244131565094
2459,1.4594184160232544
2460,1.4393900632858276
2461,1.4318628311157227
2462,1.4315990209579468
2463,1.6512683629989624
2464,1.4504175186157227
2465,1.464470624923706
2466,1.7022544145584106
2467,1.4663195610046387
2468,1.4258960485458374
2469,1.441216230392456
2470,1.4479607343673706
2471,1.509400486946106
2472,1.5175395011901855
2473,1.4352518320083618
2474,1.539306640625
2475,1.4608192443847656
2476,1.511623740196228
2477,1.450725793838501
2478,1.5127954483032227
2479,1.6895222663879395
2480,1.5632753372192383
2481,1.4314857721328735
2482,1.5125532150268555
2483,1.5772690773010254
2484,1.4246726036071777
2485,1.425539493560791
2486,1.4347033500671387
2487,1.4478764533996582
2488,1.4943726062774658
2489,1.4304170608520508
2490,1.5034308433532715
2491,1.518068790435791
2492,1.4326395988464355
2493,1.4354896545410156
2494,1.6138938665390015
2495,1.4383118152618408
2496,1.437009572982788
2497,1.6755880117416382
2498,1.4395828247070312
2499,1.431487798690796
2500,1.4864341020584106
